
Logfile opened on Sat Aug 13 15:17:05 2022

Waited 78 msec for asset 'vehicle_80s_sedan1_silv_destroyed' of type 'xmodel'.
      dvar set bg_bobMax 0
      dvar set player_throwbackInnerRadius 0
      dvar set player_throwbackOuterRadius 0
      dvar set bg_shock_screenFlashWhiteFadeTime 0
      dvar set bg_shock_screenFlashShotFadeTime 0
      dvar set bg_shock_soundLoopFadeTime 2
      dvar set bg_shock_soundLoopEndDelay -1.5
      dvar set bg_shock_soundRoomType underwater
      dvar set bg_shock_soundModEndDelay -0.75
      dvar set bg_shock_volume_physics 0.1
      dvar set bg_shock_volume_auto 0.1
      dvar set bg_shock_volume_auto2 0.1
      dvar set bg_shock_volume_autodog 0.1
      dvar set bg_shock_volume_bulletimpact 0.1
      dvar set bg_shock_volume_bulletwhizby 0.1
      dvar set bg_shock_volume_element 0.1
      dvar set bg_shock_volume_auto2d 0.1
      dvar set bg_shock_volume_vehicle 0.1
      dvar set bg_shock_volume_vehiclelimited 0.1
      dvar set bg_shock_volume_menu 1
      dvar set bg_shock_volume_body 0.1
      dvar set bg_shock_volume_body2d 0.1
      dvar set bg_shock_volume_reload 0.1
      dvar set bg_shock_volume_reload2d 0.1
      dvar set bg_shock_volume_item 0.1
      dvar set bg_shock_volume_effects1 0.1
      dvar set bg_shock_volume_effects2 0.1
      dvar set bg_shock_volume_weapon2d 0.1
      dvar set bg_shock_volume_voice 0.2
      dvar set bg_shock_volume_local 0.1
      dvar set bg_shock_volume_local2 0.1
      dvar set bg_shock_volume_ambient 0.1
      dvar set bg_shock_volume_hurt 0.1
      dvar set bg_shock_volume_player1 0.1
      dvar set bg_shock_volume_player2 0.1
      dvar set bg_shock_volume_music 0.1
      dvar set bg_shock_volume_musicnopause 0.1
      dvar set bg_shock_volume_mission 0.2
      dvar set bg_shock_volume_announcer 1
      dvar set bg_shock_volume_shellshock 1
      dvar set bg_shock_lookControl_maxpitchspeed 45
      dvar set bg_shock_lookControl_maxyawspeed 45
      dvar set bg_shock_screenFlashWhiteFadeTime 1
      dvar set bg_shock_screenFlashShotFadeTime 1
      dvar set bg_shock_soundLoopFadeTime 1.5
      dvar set bg_shock_soundLoopEndDelay -3
      dvar set bg_shock_soundRoomType generic
      dvar set bg_shock_soundModEndDelay 2
      dvar set bg_shock_lookControl_maxpitchspeed 90
      dvar set bg_shock_lookControl_maxyawspeed 90
      dvar set bg_shock_volume_physics 0.5
      dvar set bg_shock_volume_auto 0.5
      dvar set bg_shock_volume_auto2 0.5
      dvar set bg_shock_volume_autodog 0.5
      dvar set bg_shock_volume_bulletimpact 0.5
      dvar set bg_shock_volume_bulletwhizby 0.5
      dvar set bg_shock_volume_element 0.5
      dvar set bg_shock_volume_auto2d 0.5
      dvar set bg_shock_volume_vehicle 0.5
      dvar set bg_shock_volume_vehiclelimited 0.5
      dvar set bg_shock_volume_menu 0.5
      dvar set bg_shock_volume_body 0.5
      dvar set bg_shock_volume_body2d 0.5
      dvar set bg_shock_volume_reload 0.5
      dvar set bg_shock_volume_reload2d 0.5
      dvar set bg_shock_volume_item 0.5
      dvar set bg_shock_volume_effects1 0.5
      dvar set bg_shock_volume_effects2 0.5
      dvar set bg_shock_volume_weapon2d 0.5
      dvar set bg_shock_volume_voice 0.5
      dvar set bg_shock_volume_local 0.5
      dvar set bg_shock_volume_local2 0.5
      dvar set bg_shock_volume_ambient 0.5
      dvar set bg_shock_volume_hurt 0.5
      dvar set bg_shock_volume_player1 0.5
      dvar set bg_shock_volume_player2 0.5
      dvar set bg_shock_volume_music 0.5
      dvar set bg_shock_volume_musicnopause 0.5
      dvar set bg_shock_volume_mission 0.5
      dvar set bg_shock_volume_announcer 0.5
      dvar set bg_shock_volume_shellshock 0.5
      dvar set bg_shock_screenType flashed
      dvar set bg_shock_screenFlashWhiteFadeTime 3.5
      dvar set bg_shock_soundLoop flashbang_tinnitus_loop
      dvar set bg_shock_soundLoopSilent flashbang_tinnitus_loop_silent
      dvar set bg_shock_soundEnd flashbang_tinnitus_end
      dvar set bg_shock_soundEndAbort flashbang_tinnitus_abort
      dvar set bg_shock_soundFadeOutTime 2
      dvar set bg_shock_soundModEndDelay 1.5
      dvar set bg_shock_soundLoopFadeTime 2
      dvar set bg_shock_soundLoopEndDelay 2
      dvar set bg_shock_soundRoomType underwater
      dvar set bg_shock_soundDryLevel 0.6
      dvar set bg_shock_soundWetLevel 0.8
      dvar set bg_shock_volume_physics 0.05
      dvar set bg_shock_volume_auto 0.05
      dvar set bg_shock_volume_auto2 0.05
      dvar set bg_shock_volume_autodog 0.05
      dvar set bg_shock_volume_bulletimpact 0.05
      dvar set bg_shock_volume_bulletwhizby 0.05
      dvar set bg_shock_volume_element 0.05
      dvar set bg_shock_volume_auto2d 0.05
      dvar set bg_shock_volume_vehicle 0.05
      dvar set bg_shock_volume_vehiclelimited 0.05
      dvar set bg_shock_volume_menu 1
      dvar set bg_shock_volume_body 0.05
      dvar set bg_shock_volume_body2d 0.05
      dvar set bg_shock_volume_reload 0.05
      dvar set bg_shock_volume_reload2d 0.05
      dvar set bg_shock_volume_item 0.05
      dvar set bg_shock_volume_effects1 0.05
      dvar set bg_shock_volume_effects2 0.05
      dvar set bg_shock_volume_weapon 0.1
      dvar set bg_shock_volume_weapon2d 0.05
      dvar set bg_shock_volume_nonshock 1
      dvar set bg_shock_volume_voice 0.05
      dvar set bg_shock_volume_local 0.05
      dvar set bg_shock_volume_local2 0.05
      dvar set bg_shock_volume_ambient 1
      dvar set bg_shock_volume_hurt 0.3
      dvar set bg_shock_volume_player1 0.3
      dvar set bg_shock_volume_player2 0.3
      dvar set bg_shock_volume_music 0.3
      dvar set bg_shock_volume_musicnopause 0.3
      dvar set bg_shock_volume_mission 0.05
      dvar set bg_shock_volume_announcer 1
      dvar set bg_shock_volume_shellshock 1
      dvar set bg_shock_lookControl 0
      dvar set bg_shock_movement 0
      dvar set g_TeamColor_Allies 0.6 0.639216 0.690196 0
      dvar set g_ScoresColor_Allies 0.6 0.639216 0.690196 0
      dvar set g_TeamColor_Axis 0.65098 0.568627 0.411765 0
      dvar set g_ScoresColor_Axis 0.65098 0.568627 0.411765 0
      dvar set g_TeamName_Allies Attack
      dvar set g_TeamName_Axis Defence
      dvar set g_ScoresColor_Spectator 0.25098 0.25098 0.25098 0
      dvar set g_ScoresColor_Free 0.760784 0.780392 0.101961 0
      dvar set g_TeamColor_MyTeam 0.6 0.8 0.6 0
      dvar set g_TeamColor_EnemyTeam 1 0.45098 0.501961 0
      dvar set bg_shock_screenType blurred
      dvar set bg_shock_screenFlashWhiteFadeTime 1
      dvar set bg_shock_soundLoop shellshock_loop
      dvar set bg_shock_soundLoopSilent shellshock_loop_silent
      dvar set bg_shock_soundEnd shellshock_end
      dvar set bg_shock_soundEndAbort shellshock_end_abort
      dvar set bg_shock_soundFadeOutTime 2.5
      dvar set bg_shock_soundLoopFadeTime 1.5
      dvar set bg_shock_soundLoopEndDelay -3
      dvar set bg_shock_soundRoomType generic
      dvar set bg_shock_soundDryLevel 1
      dvar set bg_shock_soundWetLevel 0.5
      dvar set bg_shock_soundModEndDelay 2
      dvar set bg_shock_lookControl 1
      dvar set bg_shock_movement 1
      dvar set bg_shock_volume_physics 0.5
      dvar set bg_shock_volume_auto 0.5
      dvar set bg_shock_volume_auto2 0.5
      dvar set bg_shock_volume_autodog 0.5
      dvar set bg_shock_volume_bulletimpact 0.5
      dvar set bg_shock_volume_bulletwhizby 0.5
      dvar set bg_shock_volume_element 0.5
      dvar set bg_shock_volume_auto2d 0.5
      dvar set bg_shock_volume_vehicle 0.5
      dvar set bg_shock_volume_vehiclelimited 0.5
      dvar set bg_shock_volume_menu 0.5
      dvar set bg_shock_volume_body 0.5
      dvar set bg_shock_volume_body2d 0.5
      dvar set bg_shock_volume_reload 0.5
      dvar set bg_shock_volume_reload2d 0.5
      dvar set bg_shock_volume_item 0.5
      dvar set bg_shock_volume_effects1 0.5
      dvar set bg_shock_volume_effects2 0.5
      dvar set bg_shock_volume_weapon 0.5
      dvar set bg_shock_volume_weapon2d 0.5
      dvar set bg_shock_volume_nonshock 0.5
      dvar set bg_shock_volume_voice 0.5
      dvar set bg_shock_volume_local 0.5
      dvar set bg_shock_volume_local2 0.5
      dvar set bg_shock_volume_ambient 0.5
      dvar set bg_shock_volume_hurt 0.5
      dvar set bg_shock_volume_player1 0.5
      dvar set bg_shock_volume_player2 0.5
      dvar set bg_shock_volume_music 0.5
      dvar set bg_shock_volume_musicnopause 0.5
      dvar set bg_shock_volume_mission 0.5
      dvar set bg_shock_volume_announcer 0.5
      dvar set bg_shock_volume_shellshock 0.5
      dvar set bg_shock_screenFlashWhiteFadeTime 0
      dvar set bg_shock_screenFlashShotFadeTime 0
      dvar set bg_shock_viewKickFadeTime 1.5
      dvar set bg_shock_sound 0
      dvar set bg_shock_soundLoopFadeTime 2
      dvar set bg_shock_soundLoopEndDelay -1.5
      dvar set bg_shock_soundRoomType underwater
      dvar set bg_shock_soundModEndDelay -0.75
      dvar set bg_shock_volume_physics 0.1
      dvar set bg_shock_volume_auto 0.1
      dvar set bg_shock_volume_auto2 0.1
      dvar set bg_shock_volume_autodog 0.1
      dvar set bg_shock_volume_bulletimpact 0.1
      dvar set bg_shock_volume_bulletwhizby 0.1
      dvar set bg_shock_volume_element 0.1
      dvar set bg_shock_volume_auto2d 0.1
      dvar set bg_shock_volume_vehicle 0.1
      dvar set bg_shock_volume_vehiclelimited 0.1
      dvar set bg_shock_volume_menu 1
      dvar set bg_shock_volume_body 0.1
      dvar set bg_shock_volume_body2d 0.1
      dvar set bg_shock_volume_reload 0.1
      dvar set bg_shock_volume_reload2d 0.1
      dvar set bg_shock_volume_item 0.1
      dvar set bg_shock_volume_effects1 0.1
      dvar set bg_shock_volume_effects2 0.1
      dvar set bg_shock_volume_weapon2d 0.1
      dvar set bg_shock_volume_voice 0.2
      dvar set bg_shock_volume_local 0.1
      dvar set bg_shock_volume_local2 0.1
      dvar set bg_shock_volume_ambient 0.1
      dvar set bg_shock_volume_hurt 0.1
      dvar set bg_shock_volume_player1 0.1
      dvar set bg_shock_volume_player2 0.1
      dvar set bg_shock_volume_music 0.1
      dvar set bg_shock_volume_musicnopause 0.1
      dvar set bg_shock_volume_mission 0.2
      dvar set bg_shock_volume_announcer 1
      dvar set bg_shock_volume_shellshock 1
      dvar set bg_shock_lookControl 0
      dvar set bg_shock_screenFlashWhiteFadeTime 1
      dvar set bg_shock_screenFlashShotFadeTime 1
      dvar set bg_shock_viewKickFadeTime 3
      dvar set bg_shock_sound 1
      dvar set bg_shock_soundLoopFadeTime 1.5
      dvar set bg_shock_soundLoopEndDelay -3
      dvar set bg_shock_soundRoomType generic
      dvar set bg_shock_soundModEndDelay 2
      dvar set bg_shock_lookControl 1
      dvar set bg_shock_volume_physics 0.5
      dvar set bg_shock_volume_auto 0.5
      dvar set bg_shock_volume_auto2 0.5
      dvar set bg_shock_volume_autodog 0.5
      dvar set bg_shock_volume_bulletimpact 0.5
      dvar set bg_shock_volume_bulletwhizby 0.5
      dvar set bg_shock_volume_element 0.5
      dvar set bg_shock_volume_auto2d 0.5
      dvar set bg_shock_volume_vehicle 0.5
      dvar set bg_shock_volume_vehiclelimited 0.5
      dvar set bg_shock_volume_menu 0.5
      dvar set bg_shock_volume_body 0.5
      dvar set bg_shock_volume_body2d 0.5
      dvar set bg_shock_volume_reload 0.5
      dvar set bg_shock_volume_reload2d 0.5
      dvar set bg_shock_volume_item 0.5
      dvar set bg_shock_volume_effects1 0.5
      dvar set bg_shock_volume_effects2 0.5
      dvar set bg_shock_volume_weapon2d 0.5
      dvar set bg_shock_volume_voice 0.5
      dvar set bg_shock_volume_local 0.5
      dvar set bg_shock_volume_local2 0.5
      dvar set bg_shock_volume_ambient 0.5
      dvar set bg_shock_volume_hurt 0.5
      dvar set bg_shock_volume_player1 0.5
      dvar set bg_shock_volume_player2 0.5
      dvar set bg_shock_volume_music 0.5
      dvar set bg_shock_volume_musicnopause 0.5
      dvar set bg_shock_volume_mission 0.5
      dvar set bg_shock_volume_announcer 0.5
      dvar set bg_shock_volume_shellshock 0.5
      dvar set bg_shock_screenFlashWhiteFadeTime 0
      dvar set bg_shock_screenFlashShotFadeTime 0
      dvar set bg_shock_viewKickPeriod 0.001
      dvar set bg_shock_viewKickRadius 0
      dvar set bg_shock_viewKickFadeTime 0.001
      dvar set bg_shock_sound 0
      dvar set bg_shock_soundLoopFadeTime 2
      dvar set bg_shock_soundLoopEndDelay -1.5
      dvar set bg_shock_soundRoomType underwater
      dvar set bg_shock_soundModEndDelay -0.75
      dvar set bg_shock_volume_physics 0.1
      dvar set bg_shock_volume_auto 0.1
      dvar set bg_shock_volume_auto2 0.1
      dvar set bg_shock_volume_autodog 0.1
      dvar set bg_shock_volume_bulletimpact 0.1
      dvar set bg_shock_volume_bulletwhizby 0.1
      dvar set bg_shock_volume_element 0.1
      dvar set bg_shock_volume_auto2d 0.1
      dvar set bg_shock_volume_vehicle 0.1
      dvar set bg_shock_volume_vehiclelimited 0.1
      dvar set bg_shock_volume_menu 1
      dvar set bg_shock_volume_body 0.1
      dvar set bg_shock_volume_body2d 0.1
      dvar set bg_shock_volume_reload 0.1
      dvar set bg_shock_volume_reload2d 0.1
      dvar set bg_shock_volume_item 0.1
      dvar set bg_shock_volume_effects1 0.1
      dvar set bg_shock_volume_effects2 0.1
      dvar set bg_shock_volume_weapon2d 0.1
      dvar set bg_shock_volume_voice 0.2
      dvar set bg_shock_volume_local 0.1
      dvar set bg_shock_volume_local2 0.1
      dvar set bg_shock_volume_ambient 0.1
      dvar set bg_shock_volume_hurt 0.1
      dvar set bg_shock_volume_player1 0.1
      dvar set bg_shock_volume_player2 0.1
      dvar set bg_shock_volume_music 0.1
      dvar set bg_shock_volume_musicnopause 0.1
      dvar set bg_shock_volume_mission 0.2
      dvar set bg_shock_volume_announcer 1
      dvar set bg_shock_volume_shellshock 1
      dvar set bg_shock_lookControl_maxpitchspeed 35
      dvar set bg_shock_lookControl_maxyawspeed 35
      dvar set bg_shock_lookControl_mousesensitivityscale 0.1
      dvar set sv_iwds 1988645860 -1185621770 94291723 2115322797 1043426064 -292863836 173489706 -1846635013 -1079795827 -1041447890 -715502781 489843315 499941093 309900900 -165391090 648005745 -1190209610 
      dvar set sv_iwdNames z_c_r pml220 jcod4x_00 iw_13 iw_12 iw_11 iw_10 iw_09 iw_08 iw_07 iw_06 iw_05 iw_04 iw_03 iw_02 iw_01 iw_00
      dvar set sv_referencedIwds -1190209610 499941093 648005745 -715502781 -165391090 309900900 -1185621770 2115322797 489843315 1043426064 -292863836 1988645860 
      dvar set sv_referencedIwdNames main/iw_00 main/iw_04 main/iw_01 main/iw_06 main/iw_02 main/iw_03 mods/headshot_new/pml220 main/iw_13 main/iw_05 main/iw_12 main/iw_11 mods/headshot_new/z_c_r
      dvar set sv_referencedFFCheckSums 89196 283714 36726189 13517381 262
      dvar set sv_referencedFFNames code_post_gfx_mp mods/headshot_new/mod mp_crossfire common_mp mp_crossfire_load
-----------------------------------
      dvar set sv_cheats 0
Connecting player #0 has an unknown GUID
Going from CS_FREE to CS_CONNECTED for  (num 0 guid "")
Huffman Took 1 Milliseconds
      dvar set sv_serverid 17
==== ShutdownGame (0) ====
------- Game Initialization -------
gamename: Call of Duty 4
gamedate: Jun 18 2008
      dvar set player_throwbackInnerRadius 90
      dvar set player_throwbackOuterRadius 160
      dvar set bg_fallDamageMinHeight 128
      dvar set bg_fallDamageMaxHeight 300
      dvar set bg_bobMax 8
      dvar set bg_shock_screenFlashWhiteFadeTime 1
      dvar set bg_shock_screenFlashShotFadeTime 1
      dvar set bg_shock_viewKickPeriod 0.75
      dvar set bg_shock_viewKickRadius 0.05
      dvar set bg_shock_viewKickFadeTime 3
      dvar set bg_shock_sound 1
      dvar set bg_shock_soundLoopFadeTime 1.5
      dvar set bg_shock_soundLoopEndDelay -3
      dvar set bg_shock_soundRoomType generic
      dvar set bg_shock_soundModEndDelay 2
      dvar set bg_shock_volume_physics 0.5
      dvar set bg_shock_volume_auto 0.5
      dvar set bg_shock_volume_auto2 0.5
      dvar set bg_shock_volume_autodog 0.5
      dvar set bg_shock_volume_bulletimpact 0.5
      dvar set bg_shock_volume_bulletwhizby 0.5
      dvar set bg_shock_volume_element 0.5
      dvar set bg_shock_volume_auto2d 0.5
      dvar set bg_shock_volume_vehicle 0.5
      dvar set bg_shock_volume_vehiclelimited 0.5
      dvar set bg_shock_volume_menu 0.5
      dvar set bg_shock_volume_body 0.5
      dvar set bg_shock_volume_body2d 0.5
      dvar set bg_shock_volume_reload 0.5
      dvar set bg_shock_volume_reload2d 0.5
      dvar set bg_shock_volume_item 0.5
      dvar set bg_shock_volume_effects1 0.5
      dvar set bg_shock_volume_effects2 0.5
      dvar set bg_shock_volume_weapon2d 0.5
      dvar set bg_shock_volume_voice 0.5
      dvar set bg_shock_volume_local 0.5
      dvar set bg_shock_volume_local2 0.5
      dvar set bg_shock_volume_ambient 0.5
      dvar set bg_shock_volume_hurt 0.5
      dvar set bg_shock_volume_player1 0.5
      dvar set bg_shock_volume_player2 0.5
      dvar set bg_shock_volume_music 0.5
      dvar set bg_shock_volume_musicnopause 0.5
      dvar set bg_shock_volume_mission 0.5
      dvar set bg_shock_volume_announcer 0.5
      dvar set bg_shock_volume_shellshock 0.5
      dvar set bg_shock_lookControl_maxpitchspeed 90
      dvar set bg_shock_lookControl_maxyawspeed 90
      dvar set bg_shock_lookControl_mousesensitivityscale 0.5
-----------------------------------
      dvar set class_specops_limit 2
      dvar set class_demolitions_limit 1
      dvar set class_sniper_limit 1
      dvar set bg_fallDamageMinHeight 140
      dvar set bg_fallDamageMaxHeight 350
      dvar set class_specops_limit 64
      dvar set class_demolitions_limit 64
      dvar set class_sniper_limit 64
      dvar set bg_bobMax 0
      dvar set player_throwbackInnerRadius 0
      dvar set player_throwbackOuterRadius 0
      dvar set bg_shock_screenFlashWhiteFadeTime 0
      dvar set bg_shock_screenFlashShotFadeTime 0
      dvar set bg_shock_soundLoopFadeTime 2
      dvar set bg_shock_soundLoopEndDelay -1.5
      dvar set bg_shock_soundRoomType underwater
      dvar set bg_shock_soundModEndDelay -0.75
      dvar set bg_shock_volume_physics 0.1
      dvar set bg_shock_volume_auto 0.1
      dvar set bg_shock_volume_auto2 0.1
      dvar set bg_shock_volume_autodog 0.1
      dvar set bg_shock_volume_bulletimpact 0.1
      dvar set bg_shock_volume_bulletwhizby 0.1
      dvar set bg_shock_volume_element 0.1
      dvar set bg_shock_volume_auto2d 0.1
      dvar set bg_shock_volume_vehicle 0.1
      dvar set bg_shock_volume_vehiclelimited 0.1
      dvar set bg_shock_volume_menu 1
      dvar set bg_shock_volume_body 0.1
      dvar set bg_shock_volume_body2d 0.1
      dvar set bg_shock_volume_reload 0.1
      dvar set bg_shock_volume_reload2d 0.1
      dvar set bg_shock_volume_item 0.1
      dvar set bg_shock_volume_effects1 0.1
      dvar set bg_shock_volume_effects2 0.1
      dvar set bg_shock_volume_weapon2d 0.1
      dvar set bg_shock_volume_voice 0.2
      dvar set bg_shock_volume_local 0.1
      dvar set bg_shock_volume_local2 0.1
      dvar set bg_shock_volume_ambient 0.1
      dvar set bg_shock_volume_hurt 0.1
      dvar set bg_shock_volume_player1 0.1
      dvar set bg_shock_volume_player2 0.1
      dvar set bg_shock_volume_music 0.1
      dvar set bg_shock_volume_musicnopause 0.1
      dvar set bg_shock_volume_mission 0.2
      dvar set bg_shock_volume_announcer 1
      dvar set bg_shock_volume_shellshock 1
      dvar set bg_shock_lookControl_maxpitchspeed 45
      dvar set bg_shock_lookControl_maxyawspeed 45
      dvar set bg_shock_screenFlashWhiteFadeTime 1
      dvar set bg_shock_screenFlashShotFadeTime 1
      dvar set bg_shock_soundLoopFadeTime 1.5
      dvar set bg_shock_soundLoopEndDelay -3
      dvar set bg_shock_soundRoomType generic
      dvar set bg_shock_soundModEndDelay 2
      dvar set bg_shock_lookControl_maxpitchspeed 90
      dvar set bg_shock_lookControl_maxyawspeed 90
      dvar set bg_shock_volume_physics 0.5
      dvar set bg_shock_volume_auto 0.5
      dvar set bg_shock_volume_auto2 0.5
      dvar set bg_shock_volume_autodog 0.5
      dvar set bg_shock_volume_bulletimpact 0.5
      dvar set bg_shock_volume_bulletwhizby 0.5
      dvar set bg_shock_volume_element 0.5
      dvar set bg_shock_volume_auto2d 0.5
      dvar set bg_shock_volume_vehicle 0.5
      dvar set bg_shock_volume_vehiclelimited 0.5
      dvar set bg_shock_volume_menu 0.5
      dvar set bg_shock_volume_body 0.5
      dvar set bg_shock_volume_body2d 0.5
      dvar set bg_shock_volume_reload 0.5
      dvar set bg_shock_volume_reload2d 0.5
      dvar set bg_shock_volume_item 0.5
      dvar set bg_shock_volume_effects1 0.5
      dvar set bg_shock_volume_effects2 0.5
      dvar set bg_shock_volume_weapon2d 0.5
      dvar set bg_shock_volume_voice 0.5
      dvar set bg_shock_volume_local 0.5
      dvar set bg_shock_volume_local2 0.5
      dvar set bg_shock_volume_ambient 0.5
      dvar set bg_shock_volume_hurt 0.5
      dvar set bg_shock_volume_player1 0.5
      dvar set bg_shock_volume_player2 0.5
      dvar set bg_shock_volume_music 0.5
      dvar set bg_shock_volume_musicnopause 0.5
      dvar set bg_shock_volume_mission 0.5
      dvar set bg_shock_volume_announcer 0.5
      dvar set bg_shock_volume_shellshock 0.5
      dvar set bg_shock_screenType flashed
      dvar set bg_shock_screenFlashWhiteFadeTime 3.5
      dvar set bg_shock_soundLoop flashbang_tinnitus_loop
      dvar set bg_shock_soundLoopSilent flashbang_tinnitus_loop_silent
      dvar set bg_shock_soundEnd flashbang_tinnitus_end
      dvar set bg_shock_soundEndAbort flashbang_tinnitus_abort
      dvar set bg_shock_soundFadeOutTime 2
      dvar set bg_shock_soundModEndDelay 1.5
      dvar set bg_shock_soundLoopFadeTime 2
      dvar set bg_shock_soundLoopEndDelay 2
      dvar set bg_shock_soundRoomType underwater
      dvar set bg_shock_soundDryLevel 0.6
      dvar set bg_shock_soundWetLevel 0.8
      dvar set bg_shock_volume_physics 0.05
      dvar set bg_shock_volume_auto 0.05
      dvar set bg_shock_volume_auto2 0.05
      dvar set bg_shock_volume_autodog 0.05
      dvar set bg_shock_volume_bulletimpact 0.05
      dvar set bg_shock_volume_bulletwhizby 0.05
      dvar set bg_shock_volume_element 0.05
      dvar set bg_shock_volume_auto2d 0.05
      dvar set bg_shock_volume_vehicle 0.05
      dvar set bg_shock_volume_vehiclelimited 0.05
      dvar set bg_shock_volume_menu 1
      dvar set bg_shock_volume_body 0.05
      dvar set bg_shock_volume_body2d 0.05
      dvar set bg_shock_volume_reload 0.05
      dvar set bg_shock_volume_reload2d 0.05
      dvar set bg_shock_volume_item 0.05
      dvar set bg_shock_volume_effects1 0.05
      dvar set bg_shock_volume_effects2 0.05
      dvar set bg_shock_volume_weapon 0.1
      dvar set bg_shock_volume_weapon2d 0.05
      dvar set bg_shock_volume_nonshock 1
      dvar set bg_shock_volume_voice 0.05
      dvar set bg_shock_volume_local 0.05
      dvar set bg_shock_volume_local2 0.05
      dvar set bg_shock_volume_ambient 1
      dvar set bg_shock_volume_hurt 0.3
      dvar set bg_shock_volume_player1 0.3
      dvar set bg_shock_volume_player2 0.3
      dvar set bg_shock_volume_music 0.3
      dvar set bg_shock_volume_musicnopause 0.3
      dvar set bg_shock_volume_mission 0.05
      dvar set bg_shock_volume_announcer 1
      dvar set bg_shock_volume_shellshock 1
      dvar set bg_shock_lookControl 0
      dvar set bg_shock_movement 0
      dvar set bg_shock_screenType blurred
      dvar set bg_shock_screenFlashWhiteFadeTime 1
      dvar set bg_shock_soundLoop shellshock_loop
      dvar set bg_shock_soundLoopSilent shellshock_loop_silent
      dvar set bg_shock_soundEnd shellshock_end
      dvar set bg_shock_soundEndAbort shellshock_end_abort
      dvar set bg_shock_soundFadeOutTime 2.5
      dvar set bg_shock_soundLoopFadeTime 1.5
      dvar set bg_shock_soundLoopEndDelay -3
      dvar set bg_shock_soundRoomType generic
      dvar set bg_shock_soundDryLevel 1
      dvar set bg_shock_soundWetLevel 0.5
      dvar set bg_shock_soundModEndDelay 2
      dvar set bg_shock_lookControl 1
      dvar set bg_shock_movement 1
      dvar set bg_shock_volume_physics 0.5
      dvar set bg_shock_volume_auto 0.5
      dvar set bg_shock_volume_auto2 0.5
      dvar set bg_shock_volume_autodog 0.5
      dvar set bg_shock_volume_bulletimpact 0.5
      dvar set bg_shock_volume_bulletwhizby 0.5
      dvar set bg_shock_volume_element 0.5
      dvar set bg_shock_volume_auto2d 0.5
      dvar set bg_shock_volume_vehicle 0.5
      dvar set bg_shock_volume_vehiclelimited 0.5
      dvar set bg_shock_volume_menu 0.5
      dvar set bg_shock_volume_body 0.5
      dvar set bg_shock_volume_body2d 0.5
      dvar set bg_shock_volume_reload 0.5
      dvar set bg_shock_volume_reload2d 0.5
      dvar set bg_shock_volume_item 0.5
      dvar set bg_shock_volume_effects1 0.5
      dvar set bg_shock_volume_effects2 0.5
      dvar set bg_shock_volume_weapon 0.5
      dvar set bg_shock_volume_weapon2d 0.5
      dvar set bg_shock_volume_nonshock 0.5
      dvar set bg_shock_volume_voice 0.5
      dvar set bg_shock_volume_local 0.5
      dvar set bg_shock_volume_local2 0.5
      dvar set bg_shock_volume_ambient 0.5
      dvar set bg_shock_volume_hurt 0.5
      dvar set bg_shock_volume_player1 0.5
      dvar set bg_shock_volume_player2 0.5
      dvar set bg_shock_volume_music 0.5
      dvar set bg_shock_volume_musicnopause 0.5
      dvar set bg_shock_volume_mission 0.5
      dvar set bg_shock_volume_announcer 0.5
      dvar set bg_shock_volume_shellshock 0.5
      dvar set bg_shock_screenFlashWhiteFadeTime 0
      dvar set bg_shock_screenFlashShotFadeTime 0
      dvar set bg_shock_viewKickFadeTime 1.5
      dvar set bg_shock_sound 0
      dvar set bg_shock_soundLoopFadeTime 2
      dvar set bg_shock_soundLoopEndDelay -1.5
      dvar set bg_shock_soundRoomType underwater
      dvar set bg_shock_soundModEndDelay -0.75
      dvar set bg_shock_volume_physics 0.1
      dvar set bg_shock_volume_auto 0.1
      dvar set bg_shock_volume_auto2 0.1
      dvar set bg_shock_volume_autodog 0.1
      dvar set bg_shock_volume_bulletimpact 0.1
      dvar set bg_shock_volume_bulletwhizby 0.1
      dvar set bg_shock_volume_element 0.1
      dvar set bg_shock_volume_auto2d 0.1
      dvar set bg_shock_volume_vehicle 0.1
      dvar set bg_shock_volume_vehiclelimited 0.1
      dvar set bg_shock_volume_menu 1
      dvar set bg_shock_volume_body 0.1
      dvar set bg_shock_volume_body2d 0.1
      dvar set bg_shock_volume_reload 0.1
      dvar set bg_shock_volume_reload2d 0.1
      dvar set bg_shock_volume_item 0.1
      dvar set bg_shock_volume_effects1 0.1
      dvar set bg_shock_volume_effects2 0.1
      dvar set bg_shock_volume_weapon2d 0.1
      dvar set bg_shock_volume_voice 0.2
      dvar set bg_shock_volume_local 0.1
      dvar set bg_shock_volume_local2 0.1
      dvar set bg_shock_volume_ambient 0.1
      dvar set bg_shock_volume_hurt 0.1
      dvar set bg_shock_volume_player1 0.1
      dvar set bg_shock_volume_player2 0.1
      dvar set bg_shock_volume_music 0.1
      dvar set bg_shock_volume_musicnopause 0.1
      dvar set bg_shock_volume_mission 0.2
      dvar set bg_shock_volume_announcer 1
      dvar set bg_shock_volume_shellshock 1
      dvar set bg_shock_lookControl 0
      dvar set bg_shock_screenFlashWhiteFadeTime 1
      dvar set bg_shock_screenFlashShotFadeTime 1
      dvar set bg_shock_viewKickFadeTime 3
      dvar set bg_shock_sound 1
      dvar set bg_shock_soundLoopFadeTime 1.5
      dvar set bg_shock_soundLoopEndDelay -3
      dvar set bg_shock_soundRoomType generic
      dvar set bg_shock_soundModEndDelay 2
      dvar set bg_shock_lookControl 1
      dvar set bg_shock_volume_physics 0.5
      dvar set bg_shock_volume_auto 0.5
      dvar set bg_shock_volume_auto2 0.5
      dvar set bg_shock_volume_autodog 0.5
      dvar set bg_shock_volume_bulletimpact 0.5
      dvar set bg_shock_volume_bulletwhizby 0.5
      dvar set bg_shock_volume_element 0.5
      dvar set bg_shock_volume_auto2d 0.5
      dvar set bg_shock_volume_vehicle 0.5
      dvar set bg_shock_volume_vehiclelimited 0.5
      dvar set bg_shock_volume_menu 0.5
      dvar set bg_shock_volume_body 0.5
      dvar set bg_shock_volume_body2d 0.5
      dvar set bg_shock_volume_reload 0.5
      dvar set bg_shock_volume_reload2d 0.5
      dvar set bg_shock_volume_item 0.5
      dvar set bg_shock_volume_effects1 0.5
      dvar set bg_shock_volume_effects2 0.5
      dvar set bg_shock_volume_weapon2d 0.5
      dvar set bg_shock_volume_voice 0.5
      dvar set bg_shock_volume_local 0.5
      dvar set bg_shock_volume_local2 0.5
      dvar set bg_shock_volume_ambient 0.5
      dvar set bg_shock_volume_hurt 0.5
      dvar set bg_shock_volume_player1 0.5
      dvar set bg_shock_volume_player2 0.5
      dvar set bg_shock_volume_music 0.5
      dvar set bg_shock_volume_musicnopause 0.5
      dvar set bg_shock_volume_mission 0.5
      dvar set bg_shock_volume_announcer 0.5
      dvar set bg_shock_volume_shellshock 0.5
      dvar set bg_shock_screenFlashWhiteFadeTime 0
      dvar set bg_shock_screenFlashShotFadeTime 0
      dvar set bg_shock_viewKickPeriod 0.001
      dvar set bg_shock_viewKickRadius 0
      dvar set bg_shock_viewKickFadeTime 0.001
      dvar set bg_shock_sound 0
      dvar set bg_shock_soundLoopFadeTime 2
      dvar set bg_shock_soundLoopEndDelay -1.5
      dvar set bg_shock_soundRoomType underwater
      dvar set bg_shock_soundModEndDelay -0.75
      dvar set bg_shock_volume_physics 0.1
      dvar set bg_shock_volume_auto 0.1
      dvar set bg_shock_volume_auto2 0.1
      dvar set bg_shock_volume_autodog 0.1
      dvar set bg_shock_volume_bulletimpact 0.1
      dvar set bg_shock_volume_bulletwhizby 0.1
      dvar set bg_shock_volume_element 0.1
      dvar set bg_shock_volume_auto2d 0.1
      dvar set bg_shock_volume_vehicle 0.1
      dvar set bg_shock_volume_vehiclelimited 0.1
      dvar set bg_shock_volume_menu 1
      dvar set bg_shock_volume_body 0.1
      dvar set bg_shock_volume_body2d 0.1
      dvar set bg_shock_volume_reload 0.1
      dvar set bg_shock_volume_reload2d 0.1
      dvar set bg_shock_volume_item 0.1
      dvar set bg_shock_volume_effects1 0.1
      dvar set bg_shock_volume_effects2 0.1
      dvar set bg_shock_volume_weapon2d 0.1
      dvar set bg_shock_volume_voice 0.2
      dvar set bg_shock_volume_local 0.1
      dvar set bg_shock_volume_local2 0.1
      dvar set bg_shock_volume_ambient 0.1
      dvar set bg_shock_volume_hurt 0.1
      dvar set bg_shock_volume_player1 0.1
      dvar set bg_shock_volume_player2 0.1
      dvar set bg_shock_volume_music 0.1
      dvar set bg_shock_volume_musicnopause 0.1
      dvar set bg_shock_volume_mission 0.2
      dvar set bg_shock_volume_announcer 1
      dvar set bg_shock_volume_shellshock 1
      dvar set bg_shock_lookControl_maxpitchspeed 35
      dvar set bg_shock_lookControl_maxyawspeed 35
      dvar set bg_shock_lookControl_mousesensitivityscale 0.1
Received packet 0 of stats data
Received packet 1 of stats data
Received packet 2 of stats data
Received packet 3 of stats data
Received packet 4 of stats data
Received packet 5 of stats data
Received packet 6 of stats data
Loaded zone 'mp_crossfire'
Setting state to CA_LOADING in CL_DownloadsComplete
      dvar set cl_paused 1
Setting state to CA_LOADING in CL_InitCGame
LOADING... collision map
LOADING... graphics
LOADING... maps/mp/mp_crossfire.d3dbsp
      dvar set r_lightTweakAmbientColor 0.8 0.901961 1 1
      dvar set r_lightTweakSunColor 1 0.921569 0.878431 1
      dvar set r_lightTweakSunDiffuseColor 1 0.976471 0.835294 1
      dvar set r_lightTweakSunDirection -50 136 0
LOADING... game media
LOADING...  - textures
LOADING...  - models
LOADING...  - items
LOADING...  - inline models
LOADING...  - server models
      dvar set bg_shock_screenFlashWhiteFadeTime 1
      dvar set bg_shock_screenFlashShotFadeTime 1
      dvar set bg_shock_viewKickPeriod 0.75
      dvar set bg_shock_viewKickRadius 0.05
      dvar set bg_shock_viewKickFadeTime 3
      dvar set bg_shock_sound 1
      dvar set bg_shock_soundLoopFadeTime 1.5
      dvar set bg_shock_soundLoopEndDelay -3
      dvar set bg_shock_soundRoomType generic
      dvar set bg_shock_soundModEndDelay 2
      dvar set bg_shock_lookControl_maxpitchspeed 90
      dvar set bg_shock_lookControl_maxyawspeed 90
      dvar set bg_shock_lookControl_mousesensitivityscale 0.5
      dvar set bg_shock_volume_physics 0.5
      dvar set bg_shock_volume_auto 0.5
      dvar set bg_shock_volume_auto2 0.5
      dvar set bg_shock_volume_autodog 0.5
      dvar set bg_shock_volume_bulletimpact 0.5
      dvar set bg_shock_volume_bulletwhizby 0.5
      dvar set bg_shock_volume_element 0.5
      dvar set bg_shock_volume_auto2d 0.5
      dvar set bg_shock_volume_vehicle 0.5
      dvar set bg_shock_volume_vehiclelimited 0.5
      dvar set bg_shock_volume_menu 0.5
      dvar set bg_shock_volume_body 0.5
      dvar set bg_shock_volume_body2d 0.5
      dvar set bg_shock_volume_reload 0.5
      dvar set bg_shock_volume_reload2d 0.5
      dvar set bg_shock_volume_item 0.5
      dvar set bg_shock_volume_effects1 0.5
      dvar set bg_shock_volume_effects2 0.5
      dvar set bg_shock_volume_weapon2d 0.5
      dvar set bg_shock_volume_voice 0.5
      dvar set bg_shock_volume_local 0.5
      dvar set bg_shock_volume_local2 0.5
      dvar set bg_shock_volume_ambient 0.5
      dvar set bg_shock_volume_hurt 0.5
      dvar set bg_shock_volume_player1 0.5
      dvar set bg_shock_volume_player2 0.5
      dvar set bg_shock_volume_music 0.5
      dvar set bg_shock_volume_musicnopause 0.5
      dvar set bg_shock_volume_mission 0.5
      dvar set bg_shock_volume_announcer 0.5
      dvar set bg_shock_volume_shellshock 0.5
      dvar set bg_shock_screenType flashed
      dvar set bg_shock_screenFlashWhiteFadeTime 3.5
      dvar set bg_shock_soundLoop flashbang_tinnitus_loop
      dvar set bg_shock_soundLoopSilent flashbang_tinnitus_loop_silent
      dvar set bg_shock_soundEnd flashbang_tinnitus_end
      dvar set bg_shock_soundEndAbort flashbang_tinnitus_abort
      dvar set bg_shock_soundFadeOutTime 2
      dvar set bg_shock_soundModEndDelay 1.5
      dvar set bg_shock_soundLoopFadeTime 2
      dvar set bg_shock_soundLoopEndDelay 2
      dvar set bg_shock_soundRoomType underwater
      dvar set bg_shock_soundDryLevel 0.6
      dvar set bg_shock_soundWetLevel 0.8
      dvar set bg_shock_volume_physics 0.05
      dvar set bg_shock_volume_auto 0.05
      dvar set bg_shock_volume_auto2 0.05
      dvar set bg_shock_volume_autodog 0.05
      dvar set bg_shock_volume_bulletimpact 0.05
      dvar set bg_shock_volume_bulletwhizby 0.05
      dvar set bg_shock_volume_element 0.05
      dvar set bg_shock_volume_auto2d 0.05
      dvar set bg_shock_volume_vehicle 0.05
      dvar set bg_shock_volume_vehiclelimited 0.05
      dvar set bg_shock_volume_menu 1
      dvar set bg_shock_volume_body 0.05
      dvar set bg_shock_volume_body2d 0.05
      dvar set bg_shock_volume_reload 0.05
      dvar set bg_shock_volume_reload2d 0.05
      dvar set bg_shock_volume_item 0.05
      dvar set bg_shock_volume_effects1 0.05
      dvar set bg_shock_volume_effects2 0.05
      dvar set bg_shock_volume_weapon 0.1
      dvar set bg_shock_volume_weapon2d 0.05
      dvar set bg_shock_volume_nonshock 1
      dvar set bg_shock_volume_voice 0.05
      dvar set bg_shock_volume_local 0.05
      dvar set bg_shock_volume_local2 0.05
      dvar set bg_shock_volume_ambient 1
      dvar set bg_shock_volume_hurt 0.3
      dvar set bg_shock_volume_player1 0.3
      dvar set bg_shock_volume_player2 0.3
      dvar set bg_shock_volume_music 0.3
      dvar set bg_shock_volume_musicnopause 0.3
      dvar set bg_shock_volume_mission 0.05
      dvar set bg_shock_volume_announcer 1
      dvar set bg_shock_volume_shellshock 1
      dvar set bg_shock_lookControl 0
      dvar set bg_shock_movement 0
      dvar set bg_shock_screenType blurred
      dvar set bg_shock_screenFlashWhiteFadeTime 1
      dvar set bg_shock_soundLoop shellshock_loop
      dvar set bg_shock_soundLoopSilent shellshock_loop_silent
      dvar set bg_shock_soundEnd shellshock_end
      dvar set bg_shock_soundEndAbort shellshock_end_abort
      dvar set bg_shock_soundFadeOutTime 2.5
      dvar set bg_shock_soundLoopFadeTime 1.5
      dvar set bg_shock_soundLoopEndDelay -3
      dvar set bg_shock_soundRoomType generic
      dvar set bg_shock_soundDryLevel 1
      dvar set bg_shock_soundWetLevel 0.5
      dvar set bg_shock_soundModEndDelay 2
      dvar set bg_shock_lookControl 1
      dvar set bg_shock_movement 1
      dvar set bg_shock_volume_physics 0.5
      dvar set bg_shock_volume_auto 0.5
      dvar set bg_shock_volume_auto2 0.5
      dvar set bg_shock_volume_autodog 0.5
      dvar set bg_shock_volume_bulletimpact 0.5
      dvar set bg_shock_volume_bulletwhizby 0.5
      dvar set bg_shock_volume_element 0.5
      dvar set bg_shock_volume_auto2d 0.5
      dvar set bg_shock_volume_vehicle 0.5
      dvar set bg_shock_volume_vehiclelimited 0.5
      dvar set bg_shock_volume_menu 0.5
      dvar set bg_shock_volume_body 0.5
      dvar set bg_shock_volume_body2d 0.5
      dvar set bg_shock_volume_reload 0.5
      dvar set bg_shock_volume_reload2d 0.5
      dvar set bg_shock_volume_item 0.5
      dvar set bg_shock_volume_effects1 0.5
      dvar set bg_shock_volume_effects2 0.5
      dvar set bg_shock_volume_weapon 0.5
      dvar set bg_shock_volume_weapon2d 0.5
      dvar set bg_shock_volume_nonshock 0.5
      dvar set bg_shock_volume_voice 0.5
      dvar set bg_shock_volume_local 0.5
      dvar set bg_shock_volume_local2 0.5
      dvar set bg_shock_volume_ambient 0.5
      dvar set bg_shock_volume_hurt 0.5
      dvar set bg_shock_volume_player1 0.5
      dvar set bg_shock_volume_player2 0.5
      dvar set bg_shock_volume_music 0.5
      dvar set bg_shock_volume_musicnopause 0.5
      dvar set bg_shock_volume_mission 0.5
      dvar set bg_shock_volume_announcer 0.5
      dvar set bg_shock_volume_shellshock 0.5
      dvar set bg_shock_screenFlashWhiteFadeTime 0
      dvar set bg_shock_screenFlashShotFadeTime 0
      dvar set bg_shock_viewKickFadeTime 1.5
      dvar set bg_shock_sound 0
      dvar set bg_shock_soundLoopFadeTime 2
      dvar set bg_shock_soundLoopEndDelay -1.5
      dvar set bg_shock_soundRoomType underwater
      dvar set bg_shock_soundModEndDelay -0.75
      dvar set bg_shock_volume_physics 0.1
      dvar set bg_shock_volume_auto 0.1
      dvar set bg_shock_volume_auto2 0.1
      dvar set bg_shock_volume_autodog 0.1
      dvar set bg_shock_volume_bulletimpact 0.1
      dvar set bg_shock_volume_bulletwhizby 0.1
      dvar set bg_shock_volume_element 0.1
      dvar set bg_shock_volume_auto2d 0.1
      dvar set bg_shock_volume_vehicle 0.1
      dvar set bg_shock_volume_vehiclelimited 0.1
      dvar set bg_shock_volume_menu 1
      dvar set bg_shock_volume_body 0.1
      dvar set bg_shock_volume_body2d 0.1
      dvar set bg_shock_volume_reload 0.1
      dvar set bg_shock_volume_reload2d 0.1
      dvar set bg_shock_volume_item 0.1
      dvar set bg_shock_volume_effects1 0.1
      dvar set bg_shock_volume_effects2 0.1
      dvar set bg_shock_volume_weapon2d 0.1
      dvar set bg_shock_volume_voice 0.2
      dvar set bg_shock_volume_local 0.1
      dvar set bg_shock_volume_local2 0.1
      dvar set bg_shock_volume_ambient 0.1
      dvar set bg_shock_volume_hurt 0.1
      dvar set bg_shock_volume_player1 0.1
      dvar set bg_shock_volume_player2 0.1
      dvar set bg_shock_volume_music 0.1
      dvar set bg_shock_volume_musicnopause 0.1
      dvar set bg_shock_volume_mission 0.2
      dvar set bg_shock_volume_announcer 1
      dvar set bg_shock_volume_shellshock 1
      dvar set bg_shock_lookControl 0
      dvar set bg_shock_screenFlashWhiteFadeTime 1
      dvar set bg_shock_screenFlashShotFadeTime 1
      dvar set bg_shock_viewKickFadeTime 3
      dvar set bg_shock_sound 1
      dvar set bg_shock_soundLoopFadeTime 1.5
      dvar set bg_shock_soundLoopEndDelay -3
      dvar set bg_shock_soundRoomType generic
      dvar set bg_shock_soundModEndDelay 2
      dvar set bg_shock_lookControl 1
      dvar set bg_shock_volume_physics 0.5
      dvar set bg_shock_volume_auto 0.5
      dvar set bg_shock_volume_auto2 0.5
      dvar set bg_shock_volume_autodog 0.5
      dvar set bg_shock_volume_bulletimpact 0.5
      dvar set bg_shock_volume_bulletwhizby 0.5
      dvar set bg_shock_volume_element 0.5
      dvar set bg_shock_volume_auto2d 0.5
      dvar set bg_shock_volume_vehicle 0.5
      dvar set bg_shock_volume_vehiclelimited 0.5
      dvar set bg_shock_volume_menu 0.5
      dvar set bg_shock_volume_body 0.5
      dvar set bg_shock_volume_body2d 0.5
      dvar set bg_shock_volume_reload 0.5
      dvar set bg_shock_volume_reload2d 0.5
      dvar set bg_shock_volume_item 0.5
      dvar set bg_shock_volume_effects1 0.5
      dvar set bg_shock_volume_effects2 0.5
      dvar set bg_shock_volume_weapon2d 0.5
      dvar set bg_shock_volume_voice 0.5
      dvar set bg_shock_volume_local 0.5
      dvar set bg_shock_volume_local2 0.5
      dvar set bg_shock_volume_ambient 0.5
      dvar set bg_shock_volume_hurt 0.5
      dvar set bg_shock_volume_player1 0.5
      dvar set bg_shock_volume_player2 0.5
      dvar set bg_shock_volume_music 0.5
      dvar set bg_shock_volume_musicnopause 0.5
      dvar set bg_shock_volume_mission 0.5
      dvar set bg_shock_volume_announcer 0.5
      dvar set bg_shock_volume_shellshock 0.5
      dvar set bg_shock_screenFlashWhiteFadeTime 0
      dvar set bg_shock_screenFlashShotFadeTime 0
      dvar set bg_shock_viewKickPeriod 0.001
      dvar set bg_shock_viewKickRadius 0
      dvar set bg_shock_viewKickFadeTime 0.001
      dvar set bg_shock_sound 0
      dvar set bg_shock_soundLoopFadeTime 2
      dvar set bg_shock_soundLoopEndDelay -1.5
      dvar set bg_shock_soundRoomType underwater
      dvar set bg_shock_soundModEndDelay -0.75
      dvar set bg_shock_volume_physics 0.1
      dvar set bg_shock_volume_auto 0.1
      dvar set bg_shock_volume_auto2 0.1
      dvar set bg_shock_volume_autodog 0.1
      dvar set bg_shock_volume_bulletimpact 0.1
      dvar set bg_shock_volume_bulletwhizby 0.1
      dvar set bg_shock_volume_element 0.1
      dvar set bg_shock_volume_auto2d 0.1
      dvar set bg_shock_volume_vehicle 0.1
      dvar set bg_shock_volume_vehiclelimited 0.1
      dvar set bg_shock_volume_menu 1
      dvar set bg_shock_volume_body 0.1
      dvar set bg_shock_volume_body2d 0.1
      dvar set bg_shock_volume_reload 0.1
      dvar set bg_shock_volume_reload2d 0.1
      dvar set bg_shock_volume_item 0.1
      dvar set bg_shock_volume_effects1 0.1
      dvar set bg_shock_volume_effects2 0.1
      dvar set bg_shock_volume_weapon2d 0.1
      dvar set bg_shock_volume_voice 0.2
      dvar set bg_shock_volume_local 0.1
      dvar set bg_shock_volume_local2 0.1
      dvar set bg_shock_volume_ambient 0.1
      dvar set bg_shock_volume_hurt 0.1
      dvar set bg_shock_volume_player1 0.1
      dvar set bg_shock_volume_player2 0.1
      dvar set bg_shock_volume_music 0.1
      dvar set bg_shock_volume_musicnopause 0.1
      dvar set bg_shock_volume_mission 0.2
      dvar set bg_shock_volume_announcer 1
      dvar set bg_shock_volume_shellshock 1
      dvar set bg_shock_lookControl_maxpitchspeed 35
      dvar set bg_shock_lookControl_maxyawspeed 35
      dvar set bg_shock_lookControl_mousesensitivityscale 0.1
      dvar set bg_shock_screenFlashWhiteFadeTime 1
      dvar set bg_shock_screenFlashShotFadeTime 1
      dvar set bg_shock_viewKickPeriod 0.75
      dvar set bg_shock_viewKickRadius 0.05
      dvar set bg_shock_viewKickFadeTime 3
      dvar set bg_shock_sound 1
      dvar set bg_shock_soundLoopFadeTime 1.5
      dvar set bg_shock_soundLoopEndDelay -3
      dvar set bg_shock_soundRoomType generic
      dvar set bg_shock_soundModEndDelay 2
      dvar set bg_shock_lookControl_maxpitchspeed 90
      dvar set bg_shock_lookControl_maxyawspeed 90
      dvar set bg_shock_lookControl_mousesensitivityscale 0.5
      dvar set bg_shock_volume_physics 0.5
      dvar set bg_shock_volume_auto 0.5
      dvar set bg_shock_volume_auto2 0.5
      dvar set bg_shock_volume_autodog 0.5
      dvar set bg_shock_volume_bulletimpact 0.5
      dvar set bg_shock_volume_bulletwhizby 0.5
      dvar set bg_shock_volume_element 0.5
      dvar set bg_shock_volume_auto2d 0.5
      dvar set bg_shock_volume_vehicle 0.5
      dvar set bg_shock_volume_vehiclelimited 0.5
      dvar set bg_shock_volume_menu 0.5
      dvar set bg_shock_volume_body 0.5
      dvar set bg_shock_volume_body2d 0.5
      dvar set bg_shock_volume_reload 0.5
      dvar set bg_shock_volume_reload2d 0.5
      dvar set bg_shock_volume_item 0.5
      dvar set bg_shock_volume_effects1 0.5
      dvar set bg_shock_volume_effects2 0.5
      dvar set bg_shock_volume_weapon2d 0.5
      dvar set bg_shock_volume_voice 0.5
      dvar set bg_shock_volume_local 0.5
      dvar set bg_shock_volume_local2 0.5
      dvar set bg_shock_volume_ambient 0.5
      dvar set bg_shock_volume_hurt 0.5
      dvar set bg_shock_volume_player1 0.5
      dvar set bg_shock_volume_player2 0.5
      dvar set bg_shock_volume_music 0.5
      dvar set bg_shock_volume_musicnopause 0.5
      dvar set bg_shock_volume_mission 0.5
      dvar set bg_shock_volume_announcer 0.5
      dvar set bg_shock_volume_shellshock 0.5
      dvar set bg_shock_screenFlashWhiteFadeTime 0
      dvar set bg_shock_screenFlashShotFadeTime 0
      dvar set bg_shock_soundLoopFadeTime 2
      dvar set bg_shock_soundLoopEndDelay -1.5
      dvar set bg_shock_soundRoomType underwater
      dvar set bg_shock_soundModEndDelay -0.75
      dvar set bg_shock_volume_physics 0.1
      dvar set bg_shock_volume_auto 0.1
      dvar set bg_shock_volume_auto2 0.1
      dvar set bg_shock_volume_autodog 0.1
      dvar set bg_shock_volume_bulletimpact 0.1
      dvar set bg_shock_volume_bulletwhizby 0.1
      dvar set bg_shock_volume_element 0.1
      dvar set bg_shock_volume_auto2d 0.1
      dvar set bg_shock_volume_vehicle 0.1
      dvar set bg_shock_volume_vehiclelimited 0.1
      dvar set bg_shock_volume_menu 1
      dvar set bg_shock_volume_body 0.1
      dvar set bg_shock_volume_body2d 0.1
      dvar set bg_shock_volume_reload 0.1
      dvar set bg_shock_volume_reload2d 0.1
      dvar set bg_shock_volume_item 0.1
      dvar set bg_shock_volume_effects1 0.1
      dvar set bg_shock_volume_effects2 0.1
      dvar set bg_shock_volume_weapon2d 0.1
      dvar set bg_shock_volume_voice 0.2
      dvar set bg_shock_volume_local 0.1
      dvar set bg_shock_volume_local2 0.1
      dvar set bg_shock_volume_ambient 0.1
      dvar set bg_shock_volume_hurt 0.1
      dvar set bg_shock_volume_player1 0.1
      dvar set bg_shock_volume_player2 0.1
      dvar set bg_shock_volume_music 0.1
      dvar set bg_shock_volume_musicnopause 0.1
      dvar set bg_shock_volume_mission 0.2
      dvar set bg_shock_volume_announcer 1
      dvar set bg_shock_volume_shellshock 1
      dvar set bg_shock_lookControl_maxpitchspeed 45
      dvar set bg_shock_lookControl_maxyawspeed 45
      dvar set bg_shock_screenFlashWhiteFadeTime 1
      dvar set bg_shock_screenFlashShotFadeTime 1
      dvar set bg_shock_soundLoopFadeTime 1.5
      dvar set bg_shock_soundLoopEndDelay -3
      dvar set bg_shock_soundRoomType generic
      dvar set bg_shock_soundModEndDelay 2
      dvar set bg_shock_lookControl_maxpitchspeed 90
      dvar set bg_shock_lookControl_maxyawspeed 90
      dvar set bg_shock_volume_physics 0.5
      dvar set bg_shock_volume_auto 0.5
      dvar set bg_shock_volume_auto2 0.5
      dvar set bg_shock_volume_autodog 0.5
      dvar set bg_shock_volume_bulletimpact 0.5
      dvar set bg_shock_volume_bulletwhizby 0.5
      dvar set bg_shock_volume_element 0.5
      dvar set bg_shock_volume_auto2d 0.5
      dvar set bg_shock_volume_vehicle 0.5
      dvar set bg_shock_volume_vehiclelimited 0.5
      dvar set bg_shock_volume_menu 0.5
      dvar set bg_shock_volume_body 0.5
      dvar set bg_shock_volume_body2d 0.5
      dvar set bg_shock_volume_reload 0.5
      dvar set bg_shock_volume_reload2d 0.5
      dvar set bg_shock_volume_item 0.5
      dvar set bg_shock_volume_effects1 0.5
      dvar set bg_shock_volume_effects2 0.5
      dvar set bg_shock_volume_weapon2d 0.5
      dvar set bg_shock_volume_voice 0.5
      dvar set bg_shock_volume_local 0.5
      dvar set bg_shock_volume_local2 0.5
      dvar set bg_shock_volume_ambient 0.5
      dvar set bg_shock_volume_hurt 0.5
      dvar set bg_shock_volume_player1 0.5
      dvar set bg_shock_volume_player2 0.5
      dvar set bg_shock_volume_music 0.5
      dvar set bg_shock_volume_musicnopause 0.5
      dvar set bg_shock_volume_mission 0.5
      dvar set bg_shock_volume_announcer 0.5
      dvar set bg_shock_volume_shellshock 0.5
      dvar set bg_shock_screenBlurBlendTime 0.001
      dvar set bg_shock_screenBlurBlendFadeTime 0.001
      dvar set bg_shock_screenFlashWhiteFadeTime 0
      dvar set bg_shock_screenFlashShotFadeTime 0
      dvar set bg_shock_viewKickRadius 0
      dvar set bg_shock_viewKickFadeTime 0.001
      dvar set bg_shock_sound 0
      dvar set bg_shock_soundLoopFadeTime 2
      dvar set bg_shock_soundLoopEndDelay -1.5
      dvar set bg_shock_soundModEndDelay -0.75
      dvar set bg_shock_volume_autodog 0.9
      dvar set bg_shock_volume_vehicle 0.1
      dvar set bg_shock_volume_vehiclelimited 0.1
      dvar set bg_shock_volume_menu 1
      dvar set bg_shock_volume_body 0.2
      dvar set bg_shock_volume_body2d 0.2
      dvar set bg_shock_volume_reload 0.2
      dvar set bg_shock_volume_reload2d 0.2
      dvar set bg_shock_volume_item 0.2
      dvar set bg_shock_volume_voice 0.2
      dvar set bg_shock_volume_local 0.2
      dvar set bg_shock_volume_local2 0.2
      dvar set bg_shock_volume_ambient 0.2
      dvar set bg_shock_volume_hurt 0.4
      dvar set bg_shock_volume_player1 0.4
      dvar set bg_shock_volume_player2 0.4
      dvar set bg_shock_volume_mission 0.9
      dvar set bg_shock_volume_announcer 0.9
      dvar set bg_shock_volume_shellshock 1
      dvar set bg_shock_lookControl 0
      dvar set bg_shock_lookControl_maxpitchspeed 0
      dvar set bg_shock_lookControl_maxyawspeed 0
      dvar set bg_shock_lookControl_mousesensitivityscale 0
      dvar set bg_shock_lookControl_fadeTime 0.001
LOADING...  - game media done
LOADING... clients
CL_InitCGame:  0.04 seconds
Com_TouchMemory: 0 msec. Using sum: 343342751
      dvar set con_gameMsgWindow3Filter  par
Hiding channel: gamenotify
Hiding channel: obituary
Adding channel: gamenotify
Adding channel: obituary
Hiding channel: boldgame
Adding channel: boldgame
Hiding channel: subtitle
Adding channel: subtitle
No channels added or hidden
No channels added or hidden
NET_EnableQoSForHost: No IPv4 socket or remote host.
      dvar set cl_paused 0
Playing smoke grenades at time 1550
      dvar set fx_drawClouds 0
      dvar set r_lightTweakSunLight 1.2
      dvar set cg_crosshairEnemyColor 0
      dvar set cg_drawCrosshairNames 0
      dvar set r_desaturation 0
      dvar set r_fog 0
      dvar set r_specularColorScale 0
      dvar set r_normalMap Flat
      dvar set cg_fovScale 1.125
      dvar set cl_ingame 1
      dvar set r_lightTweakDiffuseFraction 0.409091
      dvar set ui_primary_highlighted remington700
      dvar set loadout_primary remington700
      dvar set loadout_curclass sniper
Sending smoke grenade that starts at 140700 and is at ( 4192.000000, -3857.000000, -143.000000 )
Playing smoke grenade at 140700 at ( 4192.000000, -3857.000000, -143.000000 )
Sending smoke grenade that starts at 151750 and is at ( 4712.000000, -3473.000000, -132.000000 )
Playing smoke grenade at 151750 at ( 4712.000000, -3473.000000, -132.000000 )
Sending smoke grenade that starts at 175950 and is at ( 4665.000000, -3549.000000, -140.000000 )
Playing smoke grenade at 175950 at ( 4665.000000, -3549.000000, -140.000000 )
      dvar set ui_popup_close_icon 0
Successfully wrote stats data
********************
Disconnecting: Disconnected from server
********************
----- Server Shutdown -----
==== ShutdownGame (1) ====
0:buwa EXE_DISCONNECTED
      dvar set sv_running 0
---------------------------
----- R_Init -----
      dvar set r_fog 1
      dvar set r_normalMap Unchanged
      dvar set r_specularColorScale 1
      dvar set r_lightTweakSunLight 1
      dvar set r_desaturation 1
DirectX reports 128 MB of video memory and 3934 MB of available texture memory.
Using video memory size to cap used texture memory at 112 MB.
Using previously reported texture memory size of 112 MB.
Picmip is set manually.
Using picmip 0 on most textures, 0 on normal maps, and 3 on specular maps
Unloaded fastfile mp_crossfire_load
Unloaded fastfile mp_crossfire
Loading fastfile ui_mp
Waited 494 msec for asset 'loadscreen_mp_convoy' of type 'material'.
Waited 4 msec for asset 'loadscreen_mp_countdown' of type 'material'.
Waited 4 msec for asset 'loadscreen_mp_crash' of type 'material'.
Waited 4 msec for asset 'loadscreen_mp_crossfire' of type 'material'.
Waited 4 msec for asset 'loadscreen_mp_farm' of type 'material'.
Waited 4 msec for asset 'loadscreen_mp_overgrown' of type 'material'.
Waited 4 msec for asset 'loadscreen_mp_pipeline' of type 'material'.
Waited 4 msec for asset 'loadscreen_mp_shipment' of type 'material'.
Waited 5 msec for asset 'loadscreen_mp_showdown' of type 'material'.
Waited 4 msec for asset 'loadscreen_mp_strike' of type 'material'.
Waited 4 msec for asset 'loadscreen_mp_vacant' of type 'material'.
Waited 4 msec for asset 'loadscreen_mp_crash_snow' of type 'material'.
Loaded zone 'ui_mp'
Waited 1 msec for asset 'loadscreen_mp_killhouse' of type 'material'.
      dvar set ui_version_show 0
      dvar set ui_version_show 1
      dvar set sv_cheats 1
      dvar set cl_ingame 0
      dvar set ui_popup_close_icon 1
      dvar set ui_popup_close_icon 0
      dvar set ui_popup_close_icon 1
      dvar set ui_popup_close_icon 0
quitting...
----- CL_Shutdown -----
Error: Sub_57B5C0: Failed to get line info!
-----------------------
Unloaded fastfile ui_mp
Unloaded fastfile localized_common_mp
Unloaded fastfile common_mp
Unloaded fastfile mod
Unloaded fastfile localized_code_post_gfx_mp
Unloaded fastfile code_post_gfx_mp
