  0:00 ------------------------------------------------------------
  0:00 InitGame: \fs_game\mods/headshot_new\g_compassShowEnemies\0\g_gametype\war\gamename\Call of Duty 4\mapname\mp_crossfire\protocol\6\shortversion\1.7\sv_allowAnonymous\0\sv_disableClientConsole\0\sv_floodprotect\4\sv_hostname\HeadShot\sv_maxclients\24\sv_maxPing\0\sv_maxRate\25000\sv_minPing\0\sv_privateClients\0\sv_punkbuster\0\sv_pure\1\sv_voice\0\ui_maxclients\32\version\CoD4 MP 21.1 win_mingw-x86 May  1 2022
  0:00 ShutdownGame:
  0:00 ------------------------------------------------------------
  0:00 ------------------------------------------------------------
  0:00 InitGame: \fs_game\mods/headshot_new\g_compassShowEnemies\0\g_gametype\war\gamename\Call of Duty 4\mapname\mp_crossfire\protocol\6\shortversion\1.7\sv_allowAnonymous\0\sv_disableClientConsole\0\sv_floodprotect\4\sv_hostname\HeadShot\sv_maxclients\24\sv_maxPing\0\sv_maxRate\25000\sv_minPing\0\sv_privateClients\0\sv_punkbuster\0\sv_pure\1\sv_voice\0\ui_maxclients\32\version\CoD4 MP 21.1 win_mingw-x86 May  1 2022
  0:01 J;;0;Catherine
  1:01 ShutdownGame:
  1:01 ------------------------------------------------------------
  0:00 ------------------------------------------------------------
  0:00 InitGame: \fs_game\mods/headshot_new\g_compassShowEnemies\0\g_gametype\war\gamename\Call of Duty 4\mapname\mp_crossfire\protocol\6\shortversion\1.7\sv_allowAnonymous\0\sv_disableClientConsole\0\sv_floodprotect\4\sv_hostname\HeadShot\sv_maxclients\24\sv_maxPing\0\sv_maxRate\25000\sv_minPing\0\sv_privateClients\0\sv_punkbuster\0\sv_pure\1\sv_voice\0\ui_maxclients\32\version\CoD4 MP 21.1 win_mingw-x86 May  1 2022
  0:00 ShutdownGame:
  0:00 ------------------------------------------------------------
  0:00 ------------------------------------------------------------
  0:00 InitGame: \fs_game\mods/headshot_new\g_compassShowEnemies\0\g_gametype\war\gamename\Call of Duty 4\mapname\mp_crossfire\protocol\6\shortversion\1.7\sv_allowAnonymous\0\sv_disableClientConsole\0\sv_floodprotect\4\sv_hostname\HeadShot\sv_maxclients\24\sv_maxPing\0\sv_maxRate\25000\sv_minPing\0\sv_privateClients\0\sv_punkbuster\0\sv_pure\1\sv_voice\0\ui_maxclients\32\version\CoD4 MP 21.1 win_mingw-x86 May  1 2022
  0:01 J;;0;Catherine
  0:22 ShutdownGame:
  0:22 ------------------------------------------------------------
  0:00 ------------------------------------------------------------
  0:00 InitGame: \fs_game\mods/headshot_new\g_compassShowEnemies\0\g_gametype\war\gamename\Call of Duty 4\mapname\mp_crossfire\protocol\6\shortversion\1.7\sv_allowAnonymous\0\sv_disableClientConsole\0\sv_floodprotect\4\sv_hostname\HeadShot\sv_maxclients\24\sv_maxPing\0\sv_maxRate\25000\sv_minPing\0\sv_privateClients\0\sv_punkbuster\0\sv_pure\1\sv_voice\0\ui_maxclients\32\version\CoD4 MP 21.1 win_mingw-x86 May  1 2022
  0:00 ShutdownGame:
  0:00 ------------------------------------------------------------
  0:00 ------------------------------------------------------------
  0:00 InitGame: \fs_game\mods/headshot_new\g_compassShowEnemies\0\g_gametype\war\gamename\Call of Duty 4\mapname\mp_crossfire\protocol\6\shortversion\1.7\sv_allowAnonymous\0\sv_disableClientConsole\0\sv_floodprotect\4\sv_hostname\HeadShot\sv_maxclients\24\sv_maxPing\0\sv_maxRate\25000\sv_minPing\0\sv_privateClients\0\sv_punkbuster\0\sv_pure\1\sv_voice\0\ui_maxclients\32\version\CoD4 MP 21.1 win_mingw-x86 May  1 2022
  0:01 J;;0;Catherine
  0:40 ShutdownGame:
  0:40 ------------------------------------------------------------
  0:00 ------------------------------------------------------------
  0:00 InitGame: \fs_game\mods/headshot_new\g_compassShowEnemies\0\g_gametype\war\gamename\Call of Duty 4\mapname\mp_crossfire\protocol\6\shortversion\1.7\sv_allowAnonymous\0\sv_disableClientConsole\0\sv_floodprotect\4\sv_hostname\HeadShot\sv_maxclients\24\sv_maxPing\0\sv_maxRate\25000\sv_minPing\0\sv_privateClients\0\sv_punkbuster\0\sv_pure\1\sv_voice\0\ui_maxclients\32\version\CoD4 MP 21.1 win_mingw-x86 May  1 2022
  0:00 ShutdownGame:
  0:00 ------------------------------------------------------------
  0:00 ------------------------------------------------------------
  0:00 InitGame: \fs_game\mods/headshot_new\g_compassShowEnemies\0\g_gametype\war\gamename\Call of Duty 4\mapname\mp_crossfire\protocol\6\shortversion\1.7\sv_allowAnonymous\0\sv_disableClientConsole\0\sv_floodprotect\4\sv_hostname\HeadShot\sv_maxclients\24\sv_maxPing\0\sv_maxRate\25000\sv_minPing\0\sv_privateClients\0\sv_punkbuster\0\sv_pure\1\sv_voice\0\ui_maxclients\32\version\CoD4 MP 21.1 win_mingw-x86 May  1 2022
  0:01 J;;0;Catherine
  0:43 ShutdownGame:
  0:43 ------------------------------------------------------------
  0:00 ------------------------------------------------------------
  0:00 InitGame: \fs_game\mods/headshot_new\g_compassShowEnemies\0\g_gametype\war\gamename\Call of Duty 4\mapname\mp_crossfire\protocol\6\shortversion\1.7\sv_allowAnonymous\0\sv_disableClientConsole\0\sv_floodprotect\4\sv_hostname\HeadShot\sv_maxclients\24\sv_maxPing\0\sv_maxRate\25000\sv_minPing\0\sv_privateClients\0\sv_punkbuster\0\sv_pure\1\sv_voice\0\ui_maxclients\32\version\CoD4 MP 21.1 win_mingw-x86 May  1 2022
  0:00 ShutdownGame:
  0:00 ------------------------------------------------------------
  0:00 ------------------------------------------------------------
  0:00 InitGame: \fs_game\mods/headshot_new\g_compassShowEnemies\0\g_gametype\war\gamename\Call of Duty 4\mapname\mp_crossfire\protocol\6\shortversion\1.7\sv_allowAnonymous\0\sv_disableClientConsole\0\sv_floodprotect\4\sv_hostname\HeadShot\sv_maxclients\24\sv_maxPing\0\sv_maxRate\25000\sv_minPing\0\sv_privateClients\0\sv_punkbuster\0\sv_pure\1\sv_voice\0\ui_maxclients\32\version\CoD4 MP 21.1 win_mingw-x86 May  1 2022
  0:01 J;;0;Catherine
  0:18 ShutdownGame:
  0:18 ------------------------------------------------------------
  0:00 ------------------------------------------------------------
  0:00 InitGame: \fs_game\mods/headshot_new\g_compassShowEnemies\0\g_gametype\war\gamename\Call of Duty 4\mapname\mp_crossfire\protocol\6\shortversion\1.7\sv_allowAnonymous\0\sv_disableClientConsole\0\sv_floodprotect\4\sv_hostname\HeadShot\sv_maxclients\24\sv_maxPing\0\sv_maxRate\25000\sv_minPing\0\sv_privateClients\0\sv_punkbuster\0\sv_pure\1\sv_voice\0\ui_maxclients\32\version\CoD4 MP 21.1 win_mingw-x86 May  1 2022
  0:00 ShutdownGame:
  0:00 ------------------------------------------------------------
  0:00 ------------------------------------------------------------
  0:00 InitGame: \fs_game\mods/headshot_new\g_compassShowEnemies\0\g_gametype\war\gamename\Call of Duty 4\mapname\mp_crossfire\protocol\6\shortversion\1.7\sv_allowAnonymous\0\sv_disableClientConsole\0\sv_floodprotect\4\sv_hostname\HeadShot\sv_maxclients\24\sv_maxPing\0\sv_maxRate\25000\sv_minPing\0\sv_privateClients\0\sv_punkbuster\0\sv_pure\1\sv_voice\0\ui_maxclients\32\version\CoD4 MP 21.1 win_mingw-x86 May  1 2022
  0:01 J;;0;Catherine
  4:37 ShutdownGame:
  4:37 ------------------------------------------------------------
  0:00 ------------------------------------------------------------
  0:00 InitGame: \fs_game\mods/headshot_new\g_compassShowEnemies\0\g_gametype\war\gamename\Call of Duty 4\mapname\mp_crossfire\protocol\6\shortversion\1.7\sv_allowAnonymous\0\sv_disableClientConsole\0\sv_floodprotect\4\sv_hostname\HeadShot\sv_maxclients\24\sv_maxPing\0\sv_maxRate\25000\sv_minPing\0\sv_privateClients\0\sv_punkbuster\0\sv_pure\1\sv_voice\0\ui_maxclients\32\version\CoD4 MP 21.1 win_mingw-x86 May  1 2022
  0:00 ShutdownGame:
  0:00 ------------------------------------------------------------
  0:00 ------------------------------------------------------------
  0:00 InitGame: \fs_game\mods/headshot_new\g_compassShowEnemies\0\g_gametype\war\gamename\Call of Duty 4\mapname\mp_crossfire\protocol\6\shortversion\1.7\sv_allowAnonymous\0\sv_disableClientConsole\0\sv_floodprotect\4\sv_hostname\HeadShot\sv_maxclients\24\sv_maxPing\0\sv_maxRate\25000\sv_minPing\0\sv_privateClients\0\sv_punkbuster\0\sv_pure\1\sv_voice\0\ui_maxclients\32\version\CoD4 MP 21.1 win_mingw-x86 May  1 2022
  0:01 J;;0;Catherine
  1:20 ShutdownGame:
  1:20 ------------------------------------------------------------
  0:00 ------------------------------------------------------------
  0:00 InitGame: \fs_game\mods/headshot_new\g_compassShowEnemies\0\g_gametype\war\gamename\Call of Duty 4\mapname\mp_cgc_crossfire\protocol\6\shortversion\1.7\sv_allowAnonymous\0\sv_disableClientConsole\0\sv_floodprotect\4\sv_hostname\HeadShot\sv_maxclients\24\sv_maxPing\0\sv_maxRate\25000\sv_minPing\0\sv_privateClients\0\sv_punkbuster\0\sv_pure\1\sv_voice\0\ui_maxclients\32\version\CoD4 MP 21.1 win_mingw-x86 May  1 2022
  0:00 ShutdownGame:
  0:00 ------------------------------------------------------------
  0:00 ------------------------------------------------------------
  0:00 InitGame: \fs_game\mods/headshot_new\g_compassShowEnemies\0\g_gametype\war\gamename\Call of Duty 4\mapname\mp_cgc_crossfire\protocol\6\shortversion\1.7\sv_allowAnonymous\0\sv_disableClientConsole\0\sv_floodprotect\4\sv_hostname\HeadShot\sv_maxclients\24\sv_maxPing\0\sv_maxRate\25000\sv_minPing\0\sv_privateClients\0\sv_punkbuster\0\sv_pure\1\sv_voice\0\ui_maxclients\32\version\CoD4 MP 21.1 win_mingw-x86 May  1 2022
  0:01 J;;0;Catherine
  1:03 K;;0;allies;Catherine;;-1;;Catherine;destructible_car;171;MOD_EXPLOSIVE;none
  1:09 ShutdownGame:
  1:09 ------------------------------------------------------------
  0:00 ------------------------------------------------------------
  0:00 InitGame: \fs_game\mods/headshot_new\g_compassShowEnemies\0\g_gametype\war\gamename\Call of Duty 4\mapname\mp_backlot_2\protocol\6\shortversion\1.7\sv_allowAnonymous\0\sv_disableClientConsole\0\sv_floodprotect\4\sv_hostname\HeadShot\sv_maxclients\24\sv_maxPing\0\sv_maxRate\25000\sv_minPing\0\sv_privateClients\0\sv_punkbuster\0\sv_pure\1\sv_voice\0\ui_maxclients\32\version\CoD4 MP 21.1 win_mingw-x86 May  1 2022
  0:00 ShutdownGame:
  0:00 ------------------------------------------------------------
  0:00 ------------------------------------------------------------
  0:00 InitGame: \fs_game\mods/headshot_new\g_compassShowEnemies\0\g_gametype\war\gamename\Call of Duty 4\mapname\mp_backlot_2\protocol\6\shortversion\1.7\sv_allowAnonymous\0\sv_disableClientConsole\0\sv_floodprotect\4\sv_hostname\HeadShot\sv_maxclients\24\sv_maxPing\0\sv_maxRate\25000\sv_minPing\0\sv_privateClients\0\sv_punkbuster\0\sv_pure\1\sv_voice\0\ui_maxclients\32\version\CoD4 MP 21.1 win_mingw-x86 May  1 2022
  0:01 J;;0;Catherine
  0:33 ShutdownGame:
  0:33 ------------------------------------------------------------
  0:00 ------------------------------------------------------------
  0:00 InitGame: \fs_game\mods/headshot_new\g_compassShowEnemies\0\g_gametype\war\gamename\Call of Duty 4\mapname\mp_crossfire\protocol\6\shortversion\1.7\sv_allowAnonymous\0\sv_disableClientConsole\0\sv_floodprotect\4\sv_hostname\HeadShot\sv_maxclients\24\sv_maxPing\0\sv_maxRate\25000\sv_minPing\0\sv_privateClients\0\sv_punkbuster\0\sv_pure\1\sv_voice\0\ui_maxclients\32\version\CoD4 MP 21.1 win_mingw-x86 May  1 2022
  0:00 ShutdownGame:
  0:00 ------------------------------------------------------------
  0:00 ------------------------------------------------------------
  0:00 InitGame: \fs_game\mods/headshot_new\g_compassShowEnemies\0\g_gametype\war\gamename\Call of Duty 4\mapname\mp_crossfire\protocol\6\shortversion\1.7\sv_allowAnonymous\0\sv_disableClientConsole\0\sv_floodprotect\4\sv_hostname\HeadShot\sv_maxclients\24\sv_maxPing\0\sv_maxRate\25000\sv_minPing\0\sv_privateClients\0\sv_punkbuster\0\sv_pure\1\sv_voice\0\ui_maxclients\32\version\CoD4 MP 21.1 win_mingw-x86 May  1 2022
  0:01 J;;0;Catherine
  0:30 K;;0;allies;Catherine;;-1;;Catherine;destructible_car;214;MOD_EXPLOSIVE;none
  0:57 ShutdownGame:
  0:57 ------------------------------------------------------------
  0:00 ------------------------------------------------------------
  0:00 InitGame: \fs_game\mods/headshot_new\g_compassShowEnemies\0\g_gametype\war\gamename\Call of Duty 4\mapname\mp_crossfire\protocol\6\shortversion\1.7\sv_allowAnonymous\0\sv_disableClientConsole\0\sv_floodprotect\4\sv_hostname\HeadShot\sv_maxclients\24\sv_maxPing\0\sv_maxRate\25000\sv_minPing\0\sv_privateClients\0\sv_punkbuster\0\sv_pure\1\sv_voice\0\ui_maxclients\32\version\CoD4 MP 21.1 win_mingw-x86 May  1 2022
  0:00 ShutdownGame:
  0:00 ------------------------------------------------------------
  0:00 ------------------------------------------------------------
  0:00 InitGame: \fs_game\mods/headshot_new\g_compassShowEnemies\0\g_gametype\war\gamename\Call of Duty 4\mapname\mp_crossfire\protocol\6\shortversion\1.7\sv_allowAnonymous\0\sv_disableClientConsole\0\sv_floodprotect\4\sv_hostname\HeadShot\sv_maxclients\24\sv_maxPing\0\sv_maxRate\25000\sv_minPing\0\sv_privateClients\0\sv_punkbuster\0\sv_pure\1\sv_voice\0\ui_maxclients\32\version\CoD4 MP 21.1 win_mingw-x86 May  1 2022
  0:01 J;;0;Catherine
  0:24 K;;0;axis;Catherine;;-1;;Catherine;destructible_car;180;MOD_EXPLOSIVE;none
  0:37 K;;0;axis;Catherine;;-1;;Catherine;destructible_car;169;MOD_EXPLOSIVE;none
  0:47 ShutdownGame:
  0:47 ------------------------------------------------------------
  0:00 ------------------------------------------------------------
  0:00 InitGame: \fs_game\mods/headshot_new\g_compassShowEnemies\0\g_gametype\war\gamename\Call of Duty 4\mapname\mp_crossfire\protocol\6\shortversion\1.7\sv_allowAnonymous\0\sv_disableClientConsole\0\sv_floodprotect\4\sv_hostname\HeadShot\sv_maxclients\24\sv_maxPing\0\sv_maxRate\25000\sv_minPing\0\sv_privateClients\0\sv_punkbuster\0\sv_pure\1\sv_voice\0\ui_maxclients\32\version\CoD4 MP 21.1 win_mingw-x86 May  1 2022
  0:00 ShutdownGame:
  0:00 ------------------------------------------------------------
  0:00 ------------------------------------------------------------
  0:00 InitGame: \fs_game\mods/headshot_new\g_compassShowEnemies\0\g_gametype\war\gamename\Call of Duty 4\mapname\mp_crossfire\protocol\6\shortversion\1.7\sv_allowAnonymous\0\sv_disableClientConsole\0\sv_floodprotect\4\sv_hostname\HeadShot\sv_maxclients\24\sv_maxPing\0\sv_maxRate\25000\sv_minPing\0\sv_privateClients\0\sv_punkbuster\0\sv_pure\1\sv_voice\0\ui_maxclients\32\version\CoD4 MP 21.1 win_mingw-x86 May  1 2022
  0:01 J;;0;Catherine
  0:35 K;;0;allies;Catherine;;-1;;Catherine;destructible_car;235;MOD_EXPLOSIVE;none
  0:45 K;;0;allies;Catherine;;-1;;Catherine;none;100000;MOD_SUICIDE;none
  1:01 J;;1;bot0
  1:08 D;;1;axis;bot0;;0;axis;Catherine;ak47_mp;77;MOD_HEAD_SHOT;head
  1:08 D;;1;axis;bot0;;0;axis;Catherine;ak47_mp;77;MOD_HEAD_SHOT;head
  1:09 D;;1;axis;bot0;;0;axis;Catherine;ak47_mp;77;MOD_HEAD_SHOT;head
  1:09 D;;1;axis;bot0;;0;axis;Catherine;ak47_mp;77;MOD_HEAD_SHOT;head
  1:09 D;;1;axis;bot0;;0;axis;Catherine;ak47_mp;77;MOD_HEAD_SHOT;head
  1:09 D;;1;axis;bot0;;0;axis;Catherine;ak47_mp;77;MOD_HEAD_SHOT;head
  1:09 D;;1;axis;bot0;;0;axis;Catherine;ak47_mp;77;MOD_HEAD_SHOT;head
  1:09 D;;1;axis;bot0;;0;axis;Catherine;ak47_mp;77;MOD_HEAD_SHOT;head
  1:09 D;;1;axis;bot0;;0;axis;Catherine;ak47_mp;77;MOD_HEAD_SHOT;head
  1:09 D;;1;axis;bot0;;0;axis;Catherine;ak47_mp;77;MOD_HEAD_SHOT;head
  1:09 D;;1;axis;bot0;;0;axis;Catherine;ak47_mp;77;MOD_HEAD_SHOT;head
  1:09 D;;1;axis;bot0;;0;axis;Catherine;ak47_mp;77;MOD_HEAD_SHOT;head
  1:10 D;;1;axis;bot0;;0;axis;Catherine;ak47_mp;77;MOD_HEAD_SHOT;head
  1:10 D;;1;axis;bot0;;0;axis;Catherine;ak47_mp;77;MOD_HEAD_SHOT;head
  1:10 D;;1;axis;bot0;;0;axis;Catherine;ak47_mp;77;MOD_HEAD_SHOT;head
  1:10 D;;1;axis;bot0;;0;axis;Catherine;ak47_mp;56;MOD_RIFLE_BULLET;neck
  1:10 D;;1;axis;bot0;;0;axis;Catherine;ak47_mp;77;MOD_HEAD_SHOT;head
  1:10 D;;1;axis;bot0;;0;axis;Catherine;ak47_mp;56;MOD_RIFLE_BULLET;neck
  1:10 D;;1;axis;bot0;;0;axis;Catherine;ak47_mp;56;MOD_RIFLE_BULLET;neck
  1:10 D;;1;axis;bot0;;0;axis;Catherine;ak47_mp;77;MOD_HEAD_SHOT;head
  1:10 D;;1;axis;bot0;;0;axis;Catherine;ak47_mp;77;MOD_HEAD_SHOT;head
  1:13 D;;1;axis;bot0;;0;axis;Catherine;ak47_mp;56;MOD_RIFLE_BULLET;torso_upper
  1:13 D;;1;axis;bot0;;0;axis;Catherine;ak47_mp;77;MOD_HEAD_SHOT;head
  1:13 D;;1;axis;bot0;;0;axis;Catherine;ak47_mp;77;MOD_HEAD_SHOT;head
  1:13 D;;1;axis;bot0;;0;axis;Catherine;ak47_mp;56;MOD_RIFLE_BULLET;torso_upper
  1:14 D;;1;axis;bot0;;0;axis;Catherine;ak47_mp;56;MOD_RIFLE_BULLET;torso_upper
  1:14 D;;1;axis;bot0;;0;axis;Catherine;ak47_mp;56;MOD_RIFLE_BULLET;torso_lower
  1:15 D;;1;axis;bot0;;0;axis;Catherine;ak47_mp;56;MOD_RIFLE_BULLET;torso_upper
  1:15 D;;1;axis;bot0;;0;axis;Catherine;ak47_mp;56;MOD_RIFLE_BULLET;left_arm_lower
  1:15 D;;1;axis;bot0;;0;axis;Catherine;ak47_mp;56;MOD_RIFLE_BULLET;left_arm_lower
  1:44 K;;0;axis;Catherine;;-1;;Catherine;none;100000;MOD_SUICIDE;none
  3:59 D;;1;axis;bot0;;0;allies;Catherine;ak47_mp;77;MOD_HEAD_SHOT;head
  4:00 D;;1;axis;bot0;;0;allies;Catherine;ak47_mp;77;MOD_HEAD_SHOT;head
  4:00 D;;1;axis;bot0;;0;allies;Catherine;ak47_mp;77;MOD_HEAD_SHOT;head
  4:00 D;;1;axis;bot0;;0;allies;Catherine;ak47_mp;77;MOD_HEAD_SHOT;head
  4:01 D;;1;axis;bot0;;0;allies;Catherine;ak47_mp;77;MOD_HEAD_SHOT;head
  4:03 D;;1;axis;bot0;;0;allies;Catherine;ak47_mp;56;MOD_RIFLE_BULLET;right_leg_upper
  4:03 D;;1;axis;bot0;;0;allies;Catherine;ak47_mp;56;MOD_RIFLE_BULLET;right_leg_lower
  4:04 D;;1;axis;bot0;;0;allies;Catherine;ak47_mp;56;MOD_RIFLE_BULLET;right_leg_lower
  4:04 D;;1;axis;bot0;;0;allies;Catherine;ak47_mp;56;MOD_RIFLE_BULLET;left_leg_lower
  4:04 D;;1;axis;bot0;;0;allies;Catherine;ak47_mp;56;MOD_RIFLE_BULLET;right_leg_upper
  4:04 D;;1;axis;bot0;;0;allies;Catherine;ak47_mp;56;MOD_RIFLE_BULLET;torso_lower
  4:04 D;;1;axis;bot0;;0;allies;Catherine;ak47_mp;56;MOD_RIFLE_BULLET;left_foot
  4:04 D;;1;axis;bot0;;0;allies;Catherine;ak47_mp;56;MOD_RIFLE_BULLET;right_leg_upper
  4:04 D;;1;axis;bot0;;0;allies;Catherine;ak47_mp;56;MOD_RIFLE_BULLET;left_leg_lower
  4:05 D;;1;axis;bot0;;0;allies;Catherine;ak47_mp;56;MOD_RIFLE_BULLET;left_leg_upper
  4:05 D;;1;axis;bot0;;0;allies;Catherine;ak47_mp;56;MOD_RIFLE_BULLET;torso_lower
  4:05 D;;1;axis;bot0;;0;allies;Catherine;ak47_mp;56;MOD_RIFLE_BULLET;torso_lower
  4:14 D;;1;axis;bot0;;0;allies;Catherine;frag_grenade_mp;73;MOD_GRENADE_SPLASH;none
  4:23 D;;1;axis;bot0;;0;allies;Catherine;destructible_car;133;MOD_EXPLOSIVE;none
  4:24 D;;1;axis;bot0;;0;allies;Catherine;frag_grenade_mp;259;MOD_GRENADE_SPLASH;none
  4:59 D;;1;axis;bot0;;0;allies;Catherine;ak47_mp;138;MOD_MELEE;head
  5:17 ShutdownGame:
  5:17 ------------------------------------------------------------
  0:00 ------------------------------------------------------------
  0:00 InitGame: \fs_game\mods/headshot_new\g_compassShowEnemies\0\g_gametype\war\gamename\Call of Duty 4\mapname\mp_crossfire\protocol\6\shortversion\1.7\sv_allowAnonymous\0\sv_disableClientConsole\0\sv_floodprotect\4\sv_hostname\HeadShot\sv_maxclients\24\sv_maxPing\0\sv_maxRate\25000\sv_minPing\0\sv_privateClients\0\sv_punkbuster\0\sv_pure\1\sv_voice\0\ui_maxclients\32\version\CoD4 MP 21.1 win_mingw-x86 May  1 2022
  0:00 ShutdownGame:
  0:00 ------------------------------------------------------------
  0:00 ------------------------------------------------------------
  0:00 InitGame: \fs_game\mods/headshot_new\g_compassShowEnemies\0\g_gametype\war\gamename\Call of Duty 4\mapname\mp_crossfire\protocol\6\shortversion\1.7\sv_allowAnonymous\0\sv_disableClientConsole\0\sv_floodprotect\4\sv_hostname\HeadShot\sv_maxclients\24\sv_maxPing\0\sv_maxRate\25000\sv_minPing\0\sv_privateClients\0\sv_punkbuster\0\sv_pure\1\sv_voice\0\ui_maxclients\32\version\CoD4 MP 21.1 win_mingw-x86 May  1 2022
  0:01 J;;0;Catherine
  0:10 ShutdownGame:
  0:10 ------------------------------------------------------------
  0:00 ------------------------------------------------------------
  0:00 InitGame: \fs_game\mods/headshot_new\g_compassShowEnemies\0\g_gametype\war\gamename\Call of Duty 4\mapname\mp_crossfire\protocol\6\shortversion\1.7\sv_allowAnonymous\0\sv_disableClientConsole\0\sv_floodprotect\4\sv_hostname\HeadShot\sv_maxclients\24\sv_maxPing\0\sv_maxRate\25000\sv_minPing\0\sv_privateClients\0\sv_punkbuster\0\sv_pure\1\sv_voice\0\ui_maxclients\32\version\CoD4 MP 21.1 win_mingw-x86 May  1 2022
  0:00 ShutdownGame:
  0:00 ------------------------------------------------------------
  0:00 ------------------------------------------------------------
  0:00 InitGame: \fs_game\mods/headshot_new\g_compassShowEnemies\0\g_gametype\war\gamename\Call of Duty 4\mapname\mp_crossfire\protocol\6\shortversion\1.7\sv_allowAnonymous\0\sv_disableClientConsole\0\sv_floodprotect\4\sv_hostname\HeadShot\sv_maxclients\24\sv_maxPing\0\sv_maxRate\25000\sv_minPing\0\sv_privateClients\0\sv_punkbuster\0\sv_pure\1\sv_voice\0\ui_maxclients\32\version\CoD4 MP 21.1 win_mingw-x86 May  1 2022
  0:01 J;;0;Catherine
  0:12 J;;1;bot1
 18:52 ShutdownGame:
 18:52 ------------------------------------------------------------
  0:00 ------------------------------------------------------------
  0:00 InitGame: \fs_game\mods/headshot_new\g_compassShowEnemies\0\g_gametype\war\gamename\Call of Duty 4\mapname\mp_crossfire\protocol\6\shortversion\1.7\sv_allowAnonymous\0\sv_disableClientConsole\0\sv_floodprotect\4\sv_hostname\HeadShot\sv_maxclients\24\sv_maxPing\0\sv_maxRate\25000\sv_minPing\0\sv_privateClients\0\sv_punkbuster\0\sv_pure\1\sv_voice\0\ui_maxclients\32\version\CoD4 MP 21.1 win_mingw-x86 May  1 2022
  0:00 ShutdownGame:
  0:00 ------------------------------------------------------------
  0:00 ------------------------------------------------------------
  0:00 InitGame: \fs_game\mods/headshot_new\g_compassShowEnemies\0\g_gametype\war\gamename\Call of Duty 4\mapname\mp_crossfire\protocol\6\shortversion\1.7\sv_allowAnonymous\0\sv_disableClientConsole\0\sv_floodprotect\4\sv_hostname\HeadShot\sv_maxclients\24\sv_maxPing\0\sv_maxRate\25000\sv_minPing\0\sv_privateClients\0\sv_punkbuster\0\sv_pure\1\sv_voice\0\ui_maxclients\32\version\CoD4 MP 21.1 win_mingw-x86 May  1 2022
  0:01 J;;0;Catherine
  0:22 ShutdownGame:
  0:22 ------------------------------------------------------------
  0:00 ------------------------------------------------------------
  0:00 InitGame: \fs_game\mods/headshot_new\g_compassShowEnemies\0\g_gametype\war\gamename\Call of Duty 4\mapname\mp_crossfire\protocol\6\shortversion\1.7\sv_allowAnonymous\0\sv_disableClientConsole\0\sv_floodprotect\4\sv_hostname\HeadShot\sv_maxclients\24\sv_maxPing\0\sv_maxRate\25000\sv_minPing\0\sv_privateClients\0\sv_punkbuster\0\sv_pure\1\sv_voice\0\ui_maxclients\32\version\CoD4 MP 21.1 win_mingw-x86 May  1 2022
  0:00 ShutdownGame:
  0:00 ------------------------------------------------------------
  0:00 ------------------------------------------------------------
  0:00 InitGame: \fs_game\mods/headshot_new\g_compassShowEnemies\0\g_gametype\war\gamename\Call of Duty 4\mapname\mp_crossfire\protocol\6\shortversion\1.7\sv_allowAnonymous\0\sv_disableClientConsole\0\sv_floodprotect\4\sv_hostname\HeadShot\sv_maxclients\24\sv_maxPing\0\sv_maxRate\25000\sv_minPing\0\sv_privateClients\0\sv_punkbuster\0\sv_pure\1\sv_voice\0\ui_maxclients\32\version\CoD4 MP 21.1 win_mingw-x86 May  1 2022
  0:01 J;;0;Catherine
  0:14 J;;1;bot0
  6:10 ShutdownGame:
  6:10 ------------------------------------------------------------
  0:00 ------------------------------------------------------------
  0:00 InitGame: \fs_game\mods/headshot_new\g_compassShowEnemies\0\g_gametype\war\gamename\Call of Duty 4\mapname\mp_crash_2\protocol\6\shortversion\1.7\sv_allowAnonymous\0\sv_disableClientConsole\0\sv_floodprotect\4\sv_hostname\HeadShot\sv_maxclients\24\sv_maxPing\0\sv_maxRate\25000\sv_minPing\0\sv_privateClients\0\sv_punkbuster\0\sv_pure\1\sv_voice\0\ui_maxclients\32\version\CoD4 MP 21.1 win_mingw-x86 May  1 2022
  0:00 ShutdownGame:
  0:00 ------------------------------------------------------------
  0:00 ------------------------------------------------------------
  0:00 InitGame: \fs_game\mods/headshot_new\g_compassShowEnemies\0\g_gametype\war\gamename\Call of Duty 4\mapname\mp_crash_2\protocol\6\shortversion\1.7\sv_allowAnonymous\0\sv_disableClientConsole\0\sv_floodprotect\4\sv_hostname\HeadShot\sv_maxclients\24\sv_maxPing\0\sv_maxRate\25000\sv_minPing\0\sv_privateClients\0\sv_punkbuster\0\sv_pure\1\sv_voice\0\ui_maxclients\32\version\CoD4 MP 21.1 win_mingw-x86 May  1 2022
  0:01 J;;0;Catherine
  1:50 D;;0;axis;Catherine;;-1;world;;none;32;MOD_FALLING;none
  2:44 D;;0;axis;Catherine;;-1;world;;none;66;MOD_FALLING;none
  2:46 D;;0;axis;Catherine;;-1;world;;none;26;MOD_FALLING;none
  4:39 D;;0;axis;Catherine;;-1;world;;none;22;MOD_FALLING;none
  5:53 D;;0;axis;Catherine;;-1;world;;none;18;MOD_FALLING;none
  6:40 D;;0;axis;Catherine;;-1;world;;none;31;MOD_FALLING;none
  7:00 D;;0;axis;Catherine;;-1;world;;none;24;MOD_FALLING;none
  7:14 ShutdownGame:
  7:14 ------------------------------------------------------------
  0:00 ------------------------------------------------------------
  0:00 InitGame: \fs_game\mods/headshot_new\g_compassShowEnemies\0\g_gametype\war\gamename\Call of Duty 4\mapname\mp_crossfire\protocol\6\shortversion\1.7\sv_allowAnonymous\0\sv_disableClientConsole\0\sv_floodprotect\4\sv_hostname\HeadShot\sv_maxclients\24\sv_maxPing\0\sv_maxRate\25000\sv_minPing\0\sv_privateClients\0\sv_punkbuster\0\sv_pure\1\sv_voice\0\ui_maxclients\32\version\CoD4 MP 21.1 win_mingw-x86 May  1 2022
  0:00 ShutdownGame:
  0:00 ------------------------------------------------------------
  0:00 ------------------------------------------------------------
  0:00 InitGame: \fs_game\mods/headshot_new\g_compassShowEnemies\0\g_gametype\war\gamename\Call of Duty 4\mapname\mp_crossfire\protocol\6\shortversion\1.7\sv_allowAnonymous\0\sv_disableClientConsole\0\sv_floodprotect\4\sv_hostname\HeadShot\sv_maxclients\24\sv_maxPing\0\sv_maxRate\25000\sv_minPing\0\sv_privateClients\0\sv_punkbuster\0\sv_pure\1\sv_voice\0\ui_maxclients\32\version\CoD4 MP 21.1 win_mingw-x86 May  1 2022
  0:01 J;;0;Catherine
  0:34 J;;1;bot0
  0:41 D;;1;axis;bot0;;0;axis;Catherine;ak74u_mp;95;MOD_HEAD_SHOT;head
  0:41 D;;1;axis;bot0;;0;axis;Catherine;ak74u_mp;95;MOD_HEAD_SHOT;head
  0:41 D;;1;axis;bot0;;0;axis;Catherine;ak74u_mp;95;MOD_HEAD_SHOT;head
  0:41 D;;1;axis;bot0;;0;axis;Catherine;ak74u_mp;95;MOD_HEAD_SHOT;head
  0:43 D;;1;axis;bot0;;0;axis;Catherine;ak74u_mp;91;MOD_RIFLE_BULLET;torso_upper
  0:44 D;;1;axis;bot0;;0;axis;Catherine;ak74u_mp;91;MOD_RIFLE_BULLET;torso_upper
  0:44 D;;1;axis;bot0;;0;axis;Catherine;ak74u_mp;91;MOD_RIFLE_BULLET;torso_upper
  0:44 D;;1;axis;bot0;;0;axis;Catherine;ak74u_mp;91;MOD_RIFLE_BULLET;torso_upper
  0:44 D;;1;axis;bot0;;0;axis;Catherine;ak74u_mp;78;MOD_RIFLE_BULLET;torso_lower
  0:44 D;;1;axis;bot0;;0;axis;Catherine;ak74u_mp;91;MOD_RIFLE_BULLET;torso_upper
  0:44 D;;1;axis;bot0;;0;axis;Catherine;ak74u_mp;91;MOD_RIFLE_BULLET;torso_upper
  0:45 D;;1;axis;bot0;;0;axis;Catherine;ak74u_mp;78;MOD_RIFLE_BULLET;torso_lower
  0:45 D;;1;axis;bot0;;0;axis;Catherine;ak74u_mp;91;MOD_RIFLE_BULLET;torso_upper
  0:45 D;;1;axis;bot0;;0;axis;Catherine;ak74u_mp;91;MOD_RIFLE_BULLET;torso_upper
  0:45 D;;1;axis;bot0;;0;axis;Catherine;ak74u_mp;91;MOD_RIFLE_BULLET;torso_upper
  0:45 D;;1;axis;bot0;;0;axis;Catherine;ak74u_mp;91;MOD_RIFLE_BULLET;torso_upper
  0:45 D;;1;axis;bot0;;0;axis;Catherine;ak74u_mp;91;MOD_RIFLE_BULLET;torso_upper
  0:45 D;;1;axis;bot0;;0;axis;Catherine;ak74u_mp;78;MOD_RIFLE_BULLET;torso_lower
  0:45 D;;1;axis;bot0;;0;axis;Catherine;ak74u_mp;91;MOD_RIFLE_BULLET;torso_upper
  0:45 D;;1;axis;bot0;;0;axis;Catherine;ak74u_mp;91;MOD_RIFLE_BULLET;torso_upper
  0:45 D;;1;axis;bot0;;0;axis;Catherine;ak74u_mp;91;MOD_RIFLE_BULLET;torso_upper
  0:45 D;;1;axis;bot0;;0;axis;Catherine;ak74u_mp;78;MOD_RIFLE_BULLET;torso_lower
  0:45 D;;1;axis;bot0;;0;axis;Catherine;ak74u_mp;67;MOD_RIFLE_BULLET;right_hand
  0:45 D;;1;axis;bot0;;0;axis;Catherine;ak74u_mp;91;MOD_RIFLE_BULLET;torso_upper
  0:46 D;;1;axis;bot0;;0;axis;Catherine;ak74u_mp;78;MOD_RIFLE_BULLET;torso_lower
  0:46 D;;1;axis;bot0;;0;axis;Catherine;ak74u_mp;78;MOD_RIFLE_BULLET;torso_lower
  0:46 D;;1;axis;bot0;;0;axis;Catherine;ak74u_mp;78;MOD_RIFLE_BULLET;torso_lower
  0:46 D;;1;axis;bot0;;0;axis;Catherine;ak74u_mp;65;MOD_RIFLE_BULLET;left_arm_upper
  0:46 D;;1;axis;bot0;;0;axis;Catherine;ak74u_mp;78;MOD_RIFLE_BULLET;torso_lower
  0:46 D;;1;axis;bot0;;0;axis;Catherine;ak74u_mp;78;MOD_RIFLE_BULLET;torso_lower
  0:55 D;;1;axis;bot0;;0;axis;Catherine;ak74u_mp;85;MOD_HEAD_SHOT;head
  0:55 D;;1;axis;bot0;;0;axis;Catherine;ak74u_mp;85;MOD_RIFLE_BULLET;neck
  0:55 D;;1;axis;bot0;;0;axis;Catherine;ak74u_mp;86;MOD_HEAD_SHOT;head
  0:55 D;;1;axis;bot0;;0;axis;Catherine;ak74u_mp;86;MOD_HEAD_SHOT;head
  0:55 D;;1;axis;bot0;;0;axis;Catherine;ak74u_mp;86;MOD_HEAD_SHOT;head
  0:56 D;;1;axis;bot0;;0;axis;Catherine;ak74u_mp;86;MOD_HEAD_SHOT;head
  0:56 D;;1;axis;bot0;;0;axis;Catherine;ak74u_mp;86;MOD_HEAD_SHOT;head
  0:56 D;;1;axis;bot0;;0;axis;Catherine;ak74u_mp;86;MOD_HEAD_SHOT;head
  0:56 D;;1;axis;bot0;;0;axis;Catherine;ak74u_mp;61;MOD_RIFLE_BULLET;left_arm_upper
  0:57 D;;1;axis;bot0;;0;axis;Catherine;ak74u_mp;86;MOD_HEAD_SHOT;head
  0:57 D;;1;axis;bot0;;0;axis;Catherine;ak74u_mp;86;MOD_HEAD_SHOT;head
  0:57 D;;1;axis;bot0;;0;axis;Catherine;ak74u_mp;86;MOD_HEAD_SHOT;head
  0:57 D;;1;axis;bot0;;0;axis;Catherine;ak74u_mp;86;MOD_HEAD_SHOT;head
  0:57 D;;1;axis;bot0;;0;axis;Catherine;ak74u_mp;86;MOD_HEAD_SHOT;head
  0:57 D;;1;axis;bot0;;0;axis;Catherine;ak74u_mp;86;MOD_HEAD_SHOT;head
  0:57 D;;1;axis;bot0;;0;axis;Catherine;ak74u_mp;86;MOD_HEAD_SHOT;head
  0:57 D;;1;axis;bot0;;0;axis;Catherine;ak74u_mp;86;MOD_HEAD_SHOT;head
  0:57 D;;1;axis;bot0;;0;axis;Catherine;ak74u_mp;86;MOD_HEAD_SHOT;head
  0:57 D;;1;axis;bot0;;0;axis;Catherine;ak74u_mp;86;MOD_HEAD_SHOT;head
  0:57 D;;1;axis;bot0;;0;axis;Catherine;ak74u_mp;86;MOD_HEAD_SHOT;head
  0:58 D;;1;axis;bot0;;0;axis;Catherine;ak74u_mp;86;MOD_HEAD_SHOT;head
  0:58 D;;1;axis;bot0;;0;axis;Catherine;ak74u_mp;86;MOD_HEAD_SHOT;head
  0:58 D;;1;axis;bot0;;0;axis;Catherine;ak74u_mp;85;MOD_HEAD_SHOT;head
  0:58 D;;1;axis;bot0;;0;axis;Catherine;ak74u_mp;86;MOD_HEAD_SHOT;head
  0:58 D;;1;axis;bot0;;0;axis;Catherine;ak74u_mp;86;MOD_HEAD_SHOT;head
  0:58 D;;1;axis;bot0;;0;axis;Catherine;ak74u_mp;86;MOD_HEAD_SHOT;head
  5:22 D;;1;axis;bot0;;0;axis;Catherine;frag_grenade_mp;123;MOD_GRENADE_SPLASH;none
  7:49 D;;1;axis;bot0;;0;axis;Catherine;ak74u_mp;72;MOD_RIFLE_BULLET;torso_lower
  7:49 D;;1;axis;bot0;;0;axis;Catherine;ak74u_mp;86;MOD_HEAD_SHOT;head
  7:50 D;;1;axis;bot0;;0;axis;Catherine;ak74u_mp;75;MOD_RIFLE_BULLET;torso_lower
  7:50 D;;1;axis;bot0;;0;axis;Catherine;ak74u_mp;75;MOD_RIFLE_BULLET;torso_lower
  7:50 D;;1;axis;bot0;;0;axis;Catherine;ak74u_mp;75;MOD_RIFLE_BULLET;torso_lower
  7:50 D;;1;axis;bot0;;0;axis;Catherine;ak74u_mp;61;MOD_RIFLE_BULLET;left_leg_upper
  7:50 D;;1;axis;bot0;;0;axis;Catherine;ak74u_mp;86;MOD_RIFLE_BULLET;torso_upper
  7:50 D;;1;axis;bot0;;0;axis;Catherine;ak74u_mp;85;MOD_RIFLE_BULLET;neck
  7:50 D;;1;axis;bot0;;0;axis;Catherine;ak74u_mp;61;MOD_RIFLE_BULLET;left_arm_lower
  7:51 D;;1;axis;bot0;;0;axis;Catherine;ak74u_mp;85;MOD_HEAD_SHOT;head
  7:51 D;;1;axis;bot0;;0;axis;Catherine;ak74u_mp;85;MOD_HEAD_SHOT;head
  7:51 D;;1;axis;bot0;;0;axis;Catherine;ak74u_mp;61;MOD_RIFLE_BULLET;right_arm_upper
  7:51 D;;1;axis;bot0;;0;axis;Catherine;ak74u_mp;85;MOD_HEAD_SHOT;head
  8:21 K;;0;axis;Catherine;;-1;;Catherine;destructible_car;217;MOD_EXPLOSIVE;none
  8:26 ShutdownGame:
  8:26 ------------------------------------------------------------
  0:00 ------------------------------------------------------------
  0:00 InitGame: \fs_game\mods/headshot_new\g_compassShowEnemies\0\g_gametype\war\gamename\Call of Duty 4\mapname\mp_crossfire\protocol\6\shortversion\1.7\sv_allowAnonymous\0\sv_disableClientConsole\0\sv_floodprotect\4\sv_hostname\HeadShot\sv_maxclients\24\sv_maxPing\0\sv_maxRate\25000\sv_minPing\0\sv_privateClients\0\sv_punkbuster\0\sv_pure\1\sv_voice\0\ui_maxclients\32\version\CoD4 MP 21.1 win_mingw-x86 May  1 2022
  0:00 ShutdownGame:
  0:00 ------------------------------------------------------------
  0:00 ------------------------------------------------------------
  0:00 InitGame: \fs_game\mods/headshot_new\g_compassShowEnemies\0\g_gametype\war\gamename\Call of Duty 4\mapname\mp_crossfire\protocol\6\shortversion\1.7\sv_allowAnonymous\0\sv_disableClientConsole\0\sv_floodprotect\4\sv_hostname\HeadShot\sv_maxclients\24\sv_maxPing\0\sv_maxRate\25000\sv_minPing\0\sv_privateClients\0\sv_punkbuster\0\sv_pure\1\sv_voice\0\ui_maxclients\32\version\CoD4 MP 21.1 win_mingw-x86 May  1 2022
  0:01 J;;0;buwa
  3:11 ShutdownGame:
  3:11 ------------------------------------------------------------
  0:00 ------------------------------------------------------------
  0:00 InitGame: \fs_game\mods/headshot_new\g_compassShowEnemies\0\g_gametype\war\gamename\Call of Duty 4\mapname\mp_crossfire\protocol\6\shortversion\1.7\sv_allowAnonymous\0\sv_disableClientConsole\0\sv_floodprotect\4\sv_hostname\HeadShot\sv_maxclients\24\sv_maxPing\0\sv_maxRate\25000\sv_minPing\0\sv_privateClients\0\sv_punkbuster\0\sv_pure\1\sv_voice\0\ui_maxclients\32\version\CoD4 MP 21.1 win_mingw-x86 May  1 2022
  0:00 ShutdownGame:
  0:00 ------------------------------------------------------------
  0:00 ------------------------------------------------------------
  0:00 InitGame: \fs_game\mods/headshot_new\g_compassShowEnemies\0\g_gametype\war\gamename\Call of Duty 4\mapname\mp_crossfire\protocol\6\shortversion\1.7\sv_allowAnonymous\0\sv_disableClientConsole\0\sv_floodprotect\4\sv_hostname\HeadShot\sv_maxclients\24\sv_maxPing\0\sv_maxRate\25000\sv_minPing\0\sv_privateClients\0\sv_punkbuster\0\sv_pure\1\sv_voice\0\ui_maxclients\32\version\CoD4 MP 21.1 win_mingw-x86 May  1 2022
  0:01 J;;0;buwa
  0:00 ------------------------------------------------------------
  0:00 InitGame: \fs_game\mods/headshot_new\g_compassShowEnemies\0\g_gametype\war\gamename\Call of Duty 4\mapname\mp_crossfire\protocol\6\shortversion\1.7\sv_allowAnonymous\0\sv_disableClientConsole\0\sv_floodprotect\4\sv_hostname\HeadShot\sv_maxclients\24\sv_maxPing\0\sv_maxRate\25000\sv_minPing\0\sv_privateClients\0\sv_punkbuster\0\sv_pure\1\sv_voice\0\ui_maxclients\32\version\CoD4 MP 21.1 win_mingw-x86 May  1 2022
  0:00 ShutdownGame:
  0:00 ------------------------------------------------------------
  0:00 ------------------------------------------------------------
  0:00 InitGame: \fs_game\mods/headshot_new\g_compassShowEnemies\0\g_gametype\war\gamename\Call of Duty 4\mapname\mp_crossfire\protocol\6\shortversion\1.7\sv_allowAnonymous\0\sv_disableClientConsole\0\sv_floodprotect\4\sv_hostname\HeadShot\sv_maxclients\24\sv_maxPing\0\sv_maxRate\25000\sv_minPing\0\sv_privateClients\0\sv_punkbuster\0\sv_pure\1\sv_voice\0\ui_maxclients\32\version\CoD4 MP 21.1 win_mingw-x86 May  1 2022
  0:01 J;;0;buwa
  3:17 ShutdownGame:
  3:17 ------------------------------------------------------------
